<?xml version="1.0" encoding="UTF-8"?>
<testng-results retried="5" ignored="5" total="25" passed="15" failed="0" skipped="0">
  <reporter-output>
    <line>
      <![CDATA[Test case is pass]]>
    </line>
    <line>
      <![CDATA[Test case is pass]]>
    </line>
    <line>
      <![CDATA[Test case is pass]]>
    </line>
    <line>
      <![CDATA[Test case is pass]]>
    </line>
    <line>
      <![CDATA[Test case is pass]]>
    </line>
    <line>
      <![CDATA[Test case is pass]]>
    </line>
    <line>
      <![CDATA[Test case is pass]]>
    </line>
    <line>
      <![CDATA[Test case is pass]]>
    </line>
    <line>
      <![CDATA[Test case is pass]]>
    </line>
    <line>
      <![CDATA[Test case is pass]]>
    </line>
    <line>
      <![CDATA[Test case is pass]]>
    </line>
    <line>
      <![CDATA[Test case is pass]]>
    </line>
    <line>
      <![CDATA[Test case is pass]]>
    </line>
    <line>
      <![CDATA[Test case is pass]]>
    </line>
    <line>
      <![CDATA[Test case is pass]]>
    </line>
  </reporter-output>
  <suite started-at="2024-09-23T22:37:00 CDT" name="Suite" finished-at="2024-09-23T22:42:57 CDT" duration-ms="356499">
    <groups>
    </groups>
    <test started-at="2024-09-23T22:37:00 CDT" name="Test" finished-at="2024-09-23T22:42:57 CDT" duration-ms="356499">
      <class name="amazon.ProjectOne.Testcase3_for_Loginfails">
        <test-method is-config="true" signature="launch_browser()[pri:0, instance:amazon.ProjectOne.Testcase3_for_Loginfails@f09733f]" started-at="2024-09-23T22:42:24 CDT" name="launch_browser" finished-at="2024-09-23T22:42:26 CDT" duration-ms="1826" status="PASS">
          <reporter-output>
          </reporter-output>
        </test-method> <!-- launch_browser -->
        <test-method signature="loginwithincorrect()[pri:0, instance:amazon.ProjectOne.Testcase3_for_Loginfails@f09733f]" started-at="2024-09-23T22:42:26 CDT" name="loginwithincorrect" finished-at="2024-09-23T22:42:27 CDT" duration-ms="1863" status="PASS">
          <reporter-output>
            <line>
              <![CDATA[Test case is pass]]>
            </line>
          </reporter-output>
        </test-method> <!-- loginwithincorrect -->
        <test-method is-config="true" signature="quit_browser()[pri:0, instance:amazon.ProjectOne.Testcase3_for_Loginfails@f09733f]" started-at="2024-09-23T22:42:28 CDT" name="quit_browser" finished-at="2024-09-23T22:42:33 CDT" duration-ms="5182" status="PASS">
          <reporter-output>
          </reporter-output>
        </test-method> <!-- quit_browser -->
      </class> <!-- amazon.ProjectOne.Testcase3_for_Loginfails -->
      <class name="amazon.ProjectOne.Testcase5_searchingshoe">
        <test-method is-config="true" signature="launch_browser()[pri:0, instance:amazon.ProjectOne.Testcase5_searchingshoe@41a0aa7d]" started-at="2024-09-23T22:42:47 CDT" name="launch_browser" finished-at="2024-09-23T22:42:49 CDT" duration-ms="2074" status="PASS">
          <reporter-output>
          </reporter-output>
        </test-method> <!-- launch_browser -->
        <test-method signature="search()[pri:0, instance:amazon.ProjectOne.Testcase5_searchingshoe@41a0aa7d]" started-at="2024-09-23T22:42:49 CDT" name="search" finished-at="2024-09-23T22:42:52 CDT" duration-ms="2309" status="PASS">
          <reporter-output>
            <line>
              <![CDATA[Test case is pass]]>
            </line>
          </reporter-output>
        </test-method> <!-- search -->
        <test-method is-config="true" signature="quit_browser()[pri:0, instance:amazon.ProjectOne.Testcase5_searchingshoe@41a0aa7d]" started-at="2024-09-23T22:42:52 CDT" name="quit_browser" finished-at="2024-09-23T22:42:57 CDT" duration-ms="5184" status="PASS">
          <reporter-output>
          </reporter-output>
        </test-method> <!-- quit_browser -->
      </class> <!-- amazon.ProjectOne.Testcase5_searchingshoe -->
      <class name="amazon.ProjectOne.Testcase12_Paymentmethod">
        <test-method is-config="true" signature="launch_browser()[pri:0, instance:amazon.ProjectOne.Testcase12_Paymentmethod@65c7a252]" started-at="2024-09-23T22:39:03 CDT" name="launch_browser" finished-at="2024-09-23T22:39:05 CDT" duration-ms="2080" status="PASS">
          <reporter-output>
          </reporter-output>
        </test-method> <!-- launch_browser -->
        <test-method signature="paymentsmethod()[pri:0, instance:amazon.ProjectOne.Testcase12_Paymentmethod@65c7a252]" started-at="2024-09-23T22:39:05 CDT" name="paymentsmethod" finished-at="2024-09-23T22:39:23 CDT" duration-ms="17650" status="PASS">
          <reporter-output>
            <line>
              <![CDATA[Test case is pass]]>
            </line>
          </reporter-output>
        </test-method> <!-- paymentsmethod -->
        <test-method is-config="true" signature="quit_browser()[pri:0, instance:amazon.ProjectOne.Testcase12_Paymentmethod@65c7a252]" started-at="2024-09-23T22:39:23 CDT" name="quit_browser" finished-at="2024-09-23T22:39:28 CDT" duration-ms="5282" status="PASS">
          <reporter-output>
          </reporter-output>
        </test-method> <!-- quit_browser -->
      </class> <!-- amazon.ProjectOne.Testcase12_Paymentmethod -->
      <class name="amazon.ProjectOne.Testcase15_ReachCartPage">
        <test-method is-config="true" signature="launch_browser()[pri:0, instance:amazon.ProjectOne.Testcase15_ReachCartPage@18df8434]" started-at="2024-09-23T22:38:47 CDT" name="launch_browser" finished-at="2024-09-23T22:38:50 CDT" duration-ms="2888" status="PASS">
          <reporter-output>
          </reporter-output>
        </test-method> <!-- launch_browser -->
        <test-method signature="cartpagewithoutlogin()[pri:0, instance:amazon.ProjectOne.Testcase15_ReachCartPage@18df8434]" started-at="2024-09-23T22:38:50 CDT" name="cartpagewithoutlogin" finished-at="2024-09-23T22:38:58 CDT" duration-ms="7750" status="PASS">
          <reporter-output>
            <line>
              <![CDATA[Test case is pass]]>
            </line>
          </reporter-output>
        </test-method> <!-- cartpagewithoutlogin -->
        <test-method is-config="true" signature="quit_browser()[pri:0, instance:amazon.ProjectOne.Testcase15_ReachCartPage@18df8434]" started-at="2024-09-23T22:38:58 CDT" name="quit_browser" finished-at="2024-09-23T22:39:03 CDT" duration-ms="5245" status="PASS">
          <reporter-output>
          </reporter-output>
        </test-method> <!-- quit_browser -->
      </class> <!-- amazon.ProjectOne.Testcase15_ReachCartPage -->
      <class name="amazon.ProjectOne.Testcase7_Productdetailspage">
        <test-method is-config="true" signature="launch_browser()[pri:0, instance:amazon.ProjectOne.Testcase7_Productdetailspage@51e69659]" started-at="2024-09-23T22:37:00 CDT" name="launch_browser" finished-at="2024-09-23T22:37:03 CDT" duration-ms="2851" status="PASS">
          <reporter-output>
          </reporter-output>
        </test-method> <!-- launch_browser -->
        <test-method signature="prdctdet()[pri:0, instance:amazon.ProjectOne.Testcase7_Productdetailspage@51e69659]" started-at="2024-09-23T22:37:03 CDT" name="prdctdet" finished-at="2024-09-23T22:37:09 CDT" duration-ms="5829" status="PASS">
          <reporter-output>
            <line>
              <![CDATA[Test case is pass]]>
            </line>
          </reporter-output>
        </test-method> <!-- prdctdet -->
        <test-method is-config="true" signature="quit_browser()[pri:0, instance:amazon.ProjectOne.Testcase7_Productdetailspage@51e69659]" started-at="2024-09-23T22:37:09 CDT" name="quit_browser" finished-at="2024-09-23T22:37:15 CDT" duration-ms="5305" status="PASS">
          <reporter-output>
          </reporter-output>
        </test-method> <!-- quit_browser -->
      </class> <!-- amazon.ProjectOne.Testcase7_Productdetailspage -->
      <class name="amazon.ProjectOne.Testcase9_addingToCart">
        <test-method is-config="true" signature="launch_browser()[pri:0, instance:amazon.ProjectOne.Testcase9_addingToCart@537f60bf]" started-at="2024-09-23T22:37:15 CDT" name="launch_browser" finished-at="2024-09-23T22:37:17 CDT" duration-ms="2138" status="PASS">
          <reporter-output>
          </reporter-output>
        </test-method> <!-- launch_browser -->
        <test-method signature="addingtocart()[pri:0, instance:amazon.ProjectOne.Testcase9_addingToCart@537f60bf]" started-at="2024-09-23T22:37:17 CDT" name="addingtocart" finished-at="2024-09-23T22:37:23 CDT" duration-ms="6594" status="PASS">
          <reporter-output>
            <line>
              <![CDATA[Test case is pass]]>
            </line>
          </reporter-output>
        </test-method> <!-- addingtocart -->
        <test-method is-config="true" signature="quit_browser()[pri:0, instance:amazon.ProjectOne.Testcase9_addingToCart@537f60bf]" started-at="2024-09-23T22:37:24 CDT" name="quit_browser" finished-at="2024-09-23T22:37:29 CDT" duration-ms="5318" status="PASS">
          <reporter-output>
          </reporter-output>
        </test-method> <!-- quit_browser -->
      </class> <!-- amazon.ProjectOne.Testcase9_addingToCart -->
      <class name="amazon.ProjectOne.Testcase4_EditProfile">
        <test-method is-config="true" signature="launch_browser()[pri:0, instance:amazon.ProjectOne.Testcase4_EditProfile@4686afc2]" started-at="2024-09-23T22:40:13 CDT" name="launch_browser" finished-at="2024-09-23T22:40:20 CDT" duration-ms="7357" status="PASS">
          <reporter-output>
          </reporter-output>
        </test-method> <!-- launch_browser -->
        <test-method retried="true" signature="editprfle()[pri:0, instance:amazon.ProjectOne.Testcase4_EditProfile@4686afc2]" started-at="2024-09-23T22:40:20 CDT" name="editprfle" finished-at="2024-09-23T22:40:34 CDT" duration-ms="13976" status="SKIP">
          <exception class="org.openqa.selenium.json.JsonException">
            <message>
              <![CDATA[java.lang.reflect.InvocationTargetException
Build info: version: '4.23.0', revision: '4df0a231af'
System info: os.name: 'Windows 11', os.arch: 'amd64', os.version: '10.0', java.version: '17.0.11'
Driver info: org.openqa.selenium.chrome.ChromeDriver
Command: [eea364b18c86982519ed58bf5fc16225, actions {actions=[org.openqa.selenium.interactions.Sequence@7bee8621]}]
Capabilities {acceptInsecureCerts: false, browserName: chrome, browserVersion: 128.0.6613.138, chrome: {chromedriverVersion: 128.0.6613.137 (fe621c5aa2d..., userDataDir: C:\Users\banal\AppData\Loca...}, fedcm:accounts: true, goog:chromeOptions: {debuggerAddress: localhost:61103}, networkConnectionEnabled: false, pageLoadStrategy: normal, platformName: windows, proxy: Proxy(), se:cdp: ws://localhost:61103/devtoo..., se:cdpVersion: 128.0.6613.138, setWindowRect: true, strictFileInteractability: false, timeouts: {implicit: 0, pageLoad: 300000, script: 30000}, unhandledPromptBehavior: dismiss and notify, webauthn:extension:credBlob: true, webauthn:extension:largeBlob: true, webauthn:extension:minPinLength: true, webauthn:extension:prf: true, webauthn:virtualAuthenticators: true}
Session ID: eea364b18c86982519ed58bf5fc16225]]>
            </message>
            <full-stacktrace>
              <![CDATA[org.openqa.selenium.json.JsonException: java.lang.reflect.InvocationTargetException
Build info: version: '4.23.0', revision: '4df0a231af'
System info: os.name: 'Windows 11', os.arch: 'amd64', os.version: '10.0', java.version: '17.0.11'
Driver info: org.openqa.selenium.chrome.ChromeDriver
Command: [eea364b18c86982519ed58bf5fc16225, actions {actions=[org.openqa.selenium.interactions.Sequence@7bee8621]}]
Capabilities {acceptInsecureCerts: false, browserName: chrome, browserVersion: 128.0.6613.138, chrome: {chromedriverVersion: 128.0.6613.137 (fe621c5aa2d..., userDataDir: C:\Users\banal\AppData\Loca...}, fedcm:accounts: true, goog:chromeOptions: {debuggerAddress: localhost:61103}, networkConnectionEnabled: false, pageLoadStrategy: normal, platformName: windows, proxy: Proxy(), se:cdp: ws://localhost:61103/devtoo..., se:cdpVersion: 128.0.6613.138, setWindowRect: true, strictFileInteractability: false, timeouts: {implicit: 0, pageLoad: 300000, script: 30000}, unhandledPromptBehavior: dismiss and notify, webauthn:extension:credBlob: true, webauthn:extension:largeBlob: true, webauthn:extension:minPinLength: true, webauthn:extension:prf: true, webauthn:virtualAuthenticators: true}
Session ID: eea364b18c86982519ed58bf5fc16225
at org.openqa.selenium.json.JsonOutput.convertUsingMethod(JsonOutput.java:520)
at org.openqa.selenium.json.JsonOutput.lambda$new$16(JsonOutput.java:182)
at org.openqa.selenium.json.JsonOutput.write0(JsonOutput.java:409)
at org.openqa.selenium.json.JsonOutput.lambda$new$22(JsonOutput.java:204)
at java.base/java.util.stream.ForEachOps$ForEachOp$OfRef.accept(ForEachOps.java:183)
at java.base/java.util.stream.ReferencePipeline$2$1.accept(ReferencePipeline.java:179)
at java.base/java.util.Iterator.forEachRemaining(Iterator.java:133)
at java.base/java.util.Spliterators$IteratorSpliterator.forEachRemaining(Spliterators.java:1845)
at java.base/java.util.stream.AbstractPipeline.copyInto(AbstractPipeline.java:509)
at java.base/java.util.stream.AbstractPipeline.wrapAndCopyInto(AbstractPipeline.java:499)
at java.base/java.util.stream.ForEachOps$ForEachOp.evaluateSequential(ForEachOps.java:150)
at java.base/java.util.stream.ForEachOps$ForEachOp$OfRef.evaluateSequential(ForEachOps.java:173)
at java.base/java.util.stream.AbstractPipeline.evaluate(AbstractPipeline.java:234)
at java.base/java.util.stream.ReferencePipeline.forEach(ReferencePipeline.java:596)
at org.openqa.selenium.json.JsonOutput.lambda$new$23(JsonOutput.java:204)
at org.openqa.selenium.json.JsonOutput.write0(JsonOutput.java:409)
at org.openqa.selenium.json.JsonOutput.lambda$new$24(JsonOutput.java:222)
at java.base/java.util.Map.forEach(Map.java:713)
at org.openqa.selenium.json.JsonOutput.lambda$new$25(JsonOutput.java:217)
at org.openqa.selenium.json.JsonOutput.write0(JsonOutput.java:409)
at org.openqa.selenium.json.JsonOutput.write(JsonOutput.java:400)
at org.openqa.selenium.json.Json.toJson(Json.java:133)
at org.openqa.selenium.json.Json.toJson(Json.java:119)
at org.openqa.selenium.remote.codec.AbstractHttpCommandCodec.encode(AbstractHttpCommandCodec.java:245)
at org.openqa.selenium.remote.codec.AbstractHttpCommandCodec.encode(AbstractHttpCommandCodec.java:111)
at org.openqa.selenium.remote.HttpCommandExecutor.execute(HttpCommandExecutor.java:178)
at org.openqa.selenium.remote.service.DriverCommandExecutor.invokeExecute(DriverCommandExecutor.java:216)
at org.openqa.selenium.remote.service.DriverCommandExecutor.execute(DriverCommandExecutor.java:174)
at org.openqa.selenium.remote.RemoteWebDriver.execute(RemoteWebDriver.java:527)
at org.openqa.selenium.remote.RemoteWebDriver.perform(RemoteWebDriver.java:613)
at org.openqa.selenium.interactions.Actions$BuiltAction.perform(Actions.java:613)
at org.openqa.selenium.interactions.Actions.perform(Actions.java:578)
at amazon.ProjectOne.Home_Amazon.acctlist(Home_Amazon.java:41)
at amazon.ProjectOne.Testcase4_EditProfile.editprfle(Testcase4_EditProfile.java:32)
at java.base/jdk.internal.reflect.NativeMethodAccessorImpl.invoke0(Native Method)
at java.base/jdk.internal.reflect.NativeMethodAccessorImpl.invoke(NativeMethodAccessorImpl.java:77)
at java.base/jdk.internal.reflect.DelegatingMethodAccessorImpl.invoke(DelegatingMethodAccessorImpl.java:43)
at java.base/java.lang.reflect.Method.invoke(Method.java:568)
at org.testng.internal.invokers.MethodInvocationHelper.invokeMethod(MethodInvocationHelper.java:139)
at org.testng.internal.invokers.TestInvoker.invokeMethod(TestInvoker.java:664)
at org.testng.internal.invokers.TestInvoker.invokeTestMethod(TestInvoker.java:227)
at org.testng.internal.invokers.MethodRunner.runInSequence(MethodRunner.java:50)
at org.testng.internal.invokers.TestInvoker$MethodInvocationAgent.invoke(TestInvoker.java:957)
at org.testng.internal.invokers.TestInvoker.invokeTestMethods(TestInvoker.java:200)
at org.testng.internal.invokers.TestMethodWorker.invokeTestMethods(TestMethodWorker.java:148)
at org.testng.internal.invokers.TestMethodWorker.run(TestMethodWorker.java:128)
at java.base/java.util.ArrayList.forEach(ArrayList.java:1511)
at org.testng.TestRunner.privateRun(TestRunner.java:848)
at org.testng.TestRunner.run(TestRunner.java:621)
at org.testng.SuiteRunner.runTest(SuiteRunner.java:443)
at org.testng.SuiteRunner.runSequentially(SuiteRunner.java:437)
at org.testng.SuiteRunner.privateRun(SuiteRunner.java:397)
at org.testng.SuiteRunner.run(SuiteRunner.java:336)
at org.testng.SuiteRunnerWorker.runSuite(SuiteRunnerWorker.java:52)
at org.testng.SuiteRunnerWorker.run(SuiteRunnerWorker.java:95)
at org.testng.TestNG.runSuitesSequentially(TestNG.java:1280)
at org.testng.TestNG.runSuitesLocally(TestNG.java:1200)
at org.testng.TestNG.runSuites(TestNG.java:1114)
at org.testng.TestNG.run(TestNG.java:1082)
at org.apache.maven.surefire.testng.TestNGExecutor.run(TestNGExecutor.java:308)
at org.apache.maven.surefire.testng.TestNGXmlTestSuite.execute(TestNGXmlTestSuite.java:71)
at org.apache.maven.surefire.testng.TestNGProvider.invoke(TestNGProvider.java:113)
at org.apache.maven.surefire.booter.ForkedBooter.runSuitesInProcess(ForkedBooter.java:385)
at org.apache.maven.surefire.booter.ForkedBooter.execute(ForkedBooter.java:162)
at org.apache.maven.surefire.booter.ForkedBooter.run(ForkedBooter.java:507)
at org.apache.maven.surefire.booter.ForkedBooter.main(ForkedBooter.java:495)
Suppressed: org.openqa.selenium.json.JsonException: Attempting to close incomplete json stream
Build info: version: '4.23.0', revision: '4df0a231af'
System info: os.name: 'Windows 11', os.arch: 'amd64', os.version: '10.0', java.version: '17.0.11'
Driver info: driver.version: RemoteWebDriver
at org.openqa.selenium.json.JsonOutput.close(JsonOutput.java:431)
at org.openqa.selenium.json.Json.toJson(Json.java:131)
... 44 more
Caused by: java.lang.reflect.InvocationTargetException
at java.base/jdk.internal.reflect.NativeMethodAccessorImpl.invoke0(Native Method)
at java.base/jdk.internal.reflect.NativeMethodAccessorImpl.invoke(NativeMethodAccessorImpl.java:77)
at java.base/jdk.internal.reflect.DelegatingMethodAccessorImpl.invoke(DelegatingMethodAccessorImpl.java:43)
at java.base/java.lang.reflect.Method.invoke(Method.java:568)
at org.openqa.selenium.json.JsonOutput.convertUsingMethod(JsonOutput.java:516)
... 65 more
Caused by: org.openqa.selenium.NoSuchElementException: no such element: Unable to locate element: {"method":"xpath","selector":"//span[@class='nav-line-2 ']"}
  (Session info: chrome=128.0.6613.138)
For documentation on this error, please visit: https://www.selenium.dev/documentation/webdriver/troubleshooting/errors#no-such-element-exception
Build info: version: '4.23.0', revision: '4df0a231af'
System info: os.name: 'Windows 11', os.arch: 'amd64', os.version: '10.0', java.version: '17.0.11'
Driver info: org.openqa.selenium.chrome.ChromeDriver
Command: [eea364b18c86982519ed58bf5fc16225, findElement {value=//span[@class='nav-line-2 '], using=xpath}]
Capabilities {acceptInsecureCerts: false, browserName: chrome, browserVersion: 128.0.6613.138, chrome: {chromedriverVersion: 128.0.6613.137 (fe621c5aa2d..., userDataDir: C:\Users\banal\AppData\Loca...}, fedcm:accounts: true, goog:chromeOptions: {debuggerAddress: localhost:61103}, networkConnectionEnabled: false, pageLoadStrategy: normal, platformName: windows, proxy: Proxy(), se:cdp: ws://localhost:61103/devtoo..., se:cdpVersion: 128.0.6613.138, setWindowRect: true, strictFileInteractability: false, timeouts: {implicit: 0, pageLoad: 300000, script: 30000}, unhandledPromptBehavior: dismiss and notify, webauthn:extension:credBlob: true, webauthn:extension:largeBlob: true, webauthn:extension:minPinLength: true, webauthn:extension:prf: true, webauthn:virtualAuthenticators: true}
Session ID: eea364b18c86982519ed58bf5fc16225
at java.base/jdk.internal.reflect.NativeConstructorAccessorImpl.newInstance0(Native Method)
at java.base/jdk.internal.reflect.NativeConstructorAccessorImpl.newInstance(NativeConstructorAccessorImpl.java:77)
at java.base/jdk.internal.reflect.DelegatingConstructorAccessorImpl.newInstance(DelegatingConstructorAccessorImpl.java:45)
at java.base/java.lang.reflect.Constructor.newInstanceWithCaller(Constructor.java:499)
at java.base/java.lang.reflect.Constructor.newInstance(Constructor.java:480)
at org.openqa.selenium.remote.ErrorCodec.decode(ErrorCodec.java:167)
at org.openqa.selenium.remote.codec.w3c.W3CHttpResponseCodec.decode(W3CHttpResponseCodec.java:138)
at org.openqa.selenium.remote.codec.w3c.W3CHttpResponseCodec.decode(W3CHttpResponseCodec.java:50)
at org.openqa.selenium.remote.HttpCommandExecutor.execute(HttpCommandExecutor.java:190)
at org.openqa.selenium.remote.service.DriverCommandExecutor.invokeExecute(DriverCommandExecutor.java:216)
at org.openqa.selenium.remote.service.DriverCommandExecutor.execute(DriverCommandExecutor.java:174)
at org.openqa.selenium.remote.RemoteWebDriver.execute(RemoteWebDriver.java:527)
at org.openqa.selenium.remote.ElementLocation$ElementFinder$2.findElement(ElementLocation.java:165)
at org.openqa.selenium.remote.ElementLocation.findElement(ElementLocation.java:59)
at org.openqa.selenium.remote.RemoteWebDriver.findElement(RemoteWebDriver.java:357)
at org.openqa.selenium.remote.RemoteWebDriver.findElement(RemoteWebDriver.java:351)
at org.openqa.selenium.support.pagefactory.DefaultElementLocator.findElement(DefaultElementLocator.java:68)
at org.openqa.selenium.support.pagefactory.internal.LocatingElementHandler.invoke(LocatingElementHandler.java:38)
at jdk.proxy2/jdk.proxy2.$Proxy10.getWrappedElement(Unknown Source)
at org.openqa.selenium.interactions.PointerInput$Origin.asArg(PointerInput.java:259)
at org.openqa.selenium.interactions.PointerInput$Move.encode(PointerInput.java:208)
at org.openqa.selenium.interactions.Sequence.encode(Sequence.java:72)
at org.openqa.selenium.interactions.Sequence.toJson(Sequence.java:81)
... 70 more
]]>
            </full-stacktrace>
          </exception> <!-- org.openqa.selenium.json.JsonException -->
          <reporter-output>
          </reporter-output>
        </test-method> <!-- editprfle -->
        <test-method is-config="true" signature="quit_browser()[pri:0, instance:amazon.ProjectOne.Testcase4_EditProfile@4686afc2]" started-at="2024-09-23T22:40:34 CDT" name="quit_browser" finished-at="2024-09-23T22:40:40 CDT" duration-ms="5275" status="PASS">
          <reporter-output>
          </reporter-output>
        </test-method> <!-- quit_browser -->
        <test-method is-config="true" signature="launch_browser()[pri:0, instance:amazon.ProjectOne.Testcase4_EditProfile@4686afc2]" started-at="2024-09-23T22:40:40 CDT" name="launch_browser" finished-at="2024-09-23T22:40:42 CDT" duration-ms="2042" status="PASS">
          <reporter-output>
          </reporter-output>
        </test-method> <!-- launch_browser -->
        <test-method signature="editprfle()[pri:0, instance:amazon.ProjectOne.Testcase4_EditProfile@4686afc2]" started-at="2024-09-23T22:40:42 CDT" name="editprfle" finished-at="2024-09-23T22:40:52 CDT" duration-ms="10049" status="PASS">
          <reporter-output>
            <line>
              <![CDATA[Test case is pass]]>
            </line>
          </reporter-output>
        </test-method> <!-- editprfle -->
        <test-method is-config="true" signature="quit_browser()[pri:0, instance:amazon.ProjectOne.Testcase4_EditProfile@4686afc2]" started-at="2024-09-23T22:40:52 CDT" name="quit_browser" finished-at="2024-09-23T22:40:57 CDT" duration-ms="5260" status="PASS">
          <reporter-output>
          </reporter-output>
        </test-method> <!-- quit_browser -->
      </class> <!-- amazon.ProjectOne.Testcase4_EditProfile -->
      <class name="amazon.ProjectOne.Testcase10_CartQuantitles">
        <test-method is-config="true" signature="launch_browser()[pri:0, instance:amazon.ProjectOne.Testcase10_CartQuantitles@229c6181]" started-at="2024-09-23T22:39:39 CDT" name="launch_browser" finished-at="2024-09-23T22:39:41 CDT" duration-ms="1948" status="PASS">
          <reporter-output>
          </reporter-output>
        </test-method> <!-- launch_browser -->
        <test-method retried="true" signature="cartquantity()[pri:0, instance:amazon.ProjectOne.Testcase10_CartQuantitles@229c6181]" started-at="2024-09-23T22:39:41 CDT" name="cartquantity" finished-at="2024-09-23T22:39:51 CDT" duration-ms="10050" status="SKIP">
          <exception class="org.openqa.selenium.NoSuchElementException">
            <message>
              <![CDATA[no such element: Unable to locate element: {"method":"css selector","selector":"#twotabsearchtextbox"}
  (Session info: chrome=128.0.6613.138)
For documentation on this error, please visit: https://www.selenium.dev/documentation/webdriver/troubleshooting/errors#no-such-element-exception
Build info: version: '4.23.0', revision: '4df0a231af'
System info: os.name: 'Windows 11', os.arch: 'amd64', os.version: '10.0', java.version: '17.0.11'
Driver info: org.openqa.selenium.chrome.ChromeDriver
Command: [63647fcbb9a1309f81d1624a72d2ceb6, findElement {value=twotabsearchtextbox, using=id}]
Capabilities {acceptInsecureCerts: false, browserName: chrome, browserVersion: 128.0.6613.138, chrome: {chromedriverVersion: 128.0.6613.137 (fe621c5aa2d..., userDataDir: C:\Users\banal\AppData\Loca...}, fedcm:accounts: true, goog:chromeOptions: {debuggerAddress: localhost:60911}, networkConnectionEnabled: false, pageLoadStrategy: normal, platformName: windows, proxy: Proxy(), se:cdp: ws://localhost:60911/devtoo..., se:cdpVersion: 128.0.6613.138, setWindowRect: true, strictFileInteractability: false, timeouts: {implicit: 0, pageLoad: 300000, script: 30000}, unhandledPromptBehavior: dismiss and notify, webauthn:extension:credBlob: true, webauthn:extension:largeBlob: true, webauthn:extension:minPinLength: true, webauthn:extension:prf: true, webauthn:virtualAuthenticators: true}
Session ID: 63647fcbb9a1309f81d1624a72d2ceb6]]>
            </message>
            <full-stacktrace>
              <![CDATA[org.openqa.selenium.NoSuchElementException: no such element: Unable to locate element: {"method":"css selector","selector":"#twotabsearchtextbox"}
  (Session info: chrome=128.0.6613.138)
For documentation on this error, please visit: https://www.selenium.dev/documentation/webdriver/troubleshooting/errors#no-such-element-exception
Build info: version: '4.23.0', revision: '4df0a231af'
System info: os.name: 'Windows 11', os.arch: 'amd64', os.version: '10.0', java.version: '17.0.11'
Driver info: org.openqa.selenium.chrome.ChromeDriver
Command: [63647fcbb9a1309f81d1624a72d2ceb6, findElement {value=twotabsearchtextbox, using=id}]
Capabilities {acceptInsecureCerts: false, browserName: chrome, browserVersion: 128.0.6613.138, chrome: {chromedriverVersion: 128.0.6613.137 (fe621c5aa2d..., userDataDir: C:\Users\banal\AppData\Loca...}, fedcm:accounts: true, goog:chromeOptions: {debuggerAddress: localhost:60911}, networkConnectionEnabled: false, pageLoadStrategy: normal, platformName: windows, proxy: Proxy(), se:cdp: ws://localhost:60911/devtoo..., se:cdpVersion: 128.0.6613.138, setWindowRect: true, strictFileInteractability: false, timeouts: {implicit: 0, pageLoad: 300000, script: 30000}, unhandledPromptBehavior: dismiss and notify, webauthn:extension:credBlob: true, webauthn:extension:largeBlob: true, webauthn:extension:minPinLength: true, webauthn:extension:prf: true, webauthn:virtualAuthenticators: true}
Session ID: 63647fcbb9a1309f81d1624a72d2ceb6
at java.base/jdk.internal.reflect.NativeConstructorAccessorImpl.newInstance0(Native Method)
at java.base/jdk.internal.reflect.NativeConstructorAccessorImpl.newInstance(NativeConstructorAccessorImpl.java:77)
at java.base/jdk.internal.reflect.DelegatingConstructorAccessorImpl.newInstance(DelegatingConstructorAccessorImpl.java:45)
at java.base/java.lang.reflect.Constructor.newInstanceWithCaller(Constructor.java:499)
at java.base/java.lang.reflect.Constructor.newInstance(Constructor.java:480)
at org.openqa.selenium.remote.ErrorCodec.decode(ErrorCodec.java:167)
at org.openqa.selenium.remote.codec.w3c.W3CHttpResponseCodec.decode(W3CHttpResponseCodec.java:138)
at org.openqa.selenium.remote.codec.w3c.W3CHttpResponseCodec.decode(W3CHttpResponseCodec.java:50)
at org.openqa.selenium.remote.HttpCommandExecutor.execute(HttpCommandExecutor.java:190)
at org.openqa.selenium.remote.service.DriverCommandExecutor.invokeExecute(DriverCommandExecutor.java:216)
at org.openqa.selenium.remote.service.DriverCommandExecutor.execute(DriverCommandExecutor.java:174)
at org.openqa.selenium.remote.RemoteWebDriver.execute(RemoteWebDriver.java:527)
at org.openqa.selenium.remote.ElementLocation$ElementFinder$2.findElement(ElementLocation.java:165)
at org.openqa.selenium.remote.ElementLocation.findElement(ElementLocation.java:66)
at org.openqa.selenium.remote.RemoteWebDriver.findElement(RemoteWebDriver.java:357)
at org.openqa.selenium.remote.RemoteWebDriver.findElement(RemoteWebDriver.java:351)
at org.openqa.selenium.support.pagefactory.DefaultElementLocator.findElement(DefaultElementLocator.java:68)
at org.openqa.selenium.support.pagefactory.internal.LocatingElementHandler.invoke(LocatingElementHandler.java:38)
at jdk.proxy2/jdk.proxy2.$Proxy10.sendKeys(Unknown Source)
at amazon.ProjectOne.Home_Amazon.searchproduct(Home_Amazon.java:63)
at amazon.ProjectOne.Testcase10_CartQuantitles.cartquantity(Testcase10_CartQuantitles.java:25)
at java.base/jdk.internal.reflect.NativeMethodAccessorImpl.invoke0(Native Method)
at java.base/jdk.internal.reflect.NativeMethodAccessorImpl.invoke(NativeMethodAccessorImpl.java:77)
at java.base/jdk.internal.reflect.DelegatingMethodAccessorImpl.invoke(DelegatingMethodAccessorImpl.java:43)
at java.base/java.lang.reflect.Method.invoke(Method.java:568)
at org.testng.internal.invokers.MethodInvocationHelper.invokeMethod(MethodInvocationHelper.java:139)
at org.testng.internal.invokers.TestInvoker.invokeMethod(TestInvoker.java:664)
at org.testng.internal.invokers.TestInvoker.invokeTestMethod(TestInvoker.java:227)
at org.testng.internal.invokers.MethodRunner.runInSequence(MethodRunner.java:50)
at org.testng.internal.invokers.TestInvoker$MethodInvocationAgent.invoke(TestInvoker.java:957)
at org.testng.internal.invokers.TestInvoker.invokeTestMethods(TestInvoker.java:200)
at org.testng.internal.invokers.TestMethodWorker.invokeTestMethods(TestMethodWorker.java:148)
at org.testng.internal.invokers.TestMethodWorker.run(TestMethodWorker.java:128)
at java.base/java.util.ArrayList.forEach(ArrayList.java:1511)
at org.testng.TestRunner.privateRun(TestRunner.java:848)
at org.testng.TestRunner.run(TestRunner.java:621)
at org.testng.SuiteRunner.runTest(SuiteRunner.java:443)
at org.testng.SuiteRunner.runSequentially(SuiteRunner.java:437)
at org.testng.SuiteRunner.privateRun(SuiteRunner.java:397)
at org.testng.SuiteRunner.run(SuiteRunner.java:336)
at org.testng.SuiteRunnerWorker.runSuite(SuiteRunnerWorker.java:52)
at org.testng.SuiteRunnerWorker.run(SuiteRunnerWorker.java:95)
at org.testng.TestNG.runSuitesSequentially(TestNG.java:1280)
at org.testng.TestNG.runSuitesLocally(TestNG.java:1200)
at org.testng.TestNG.runSuites(TestNG.java:1114)
at org.testng.TestNG.run(TestNG.java:1082)
at org.apache.maven.surefire.testng.TestNGExecutor.run(TestNGExecutor.java:308)
at org.apache.maven.surefire.testng.TestNGXmlTestSuite.execute(TestNGXmlTestSuite.java:71)
at org.apache.maven.surefire.testng.TestNGProvider.invoke(TestNGProvider.java:113)
at org.apache.maven.surefire.booter.ForkedBooter.runSuitesInProcess(ForkedBooter.java:385)
at org.apache.maven.surefire.booter.ForkedBooter.execute(ForkedBooter.java:162)
at org.apache.maven.surefire.booter.ForkedBooter.run(ForkedBooter.java:507)
at org.apache.maven.surefire.booter.ForkedBooter.main(ForkedBooter.java:495)
]]>
            </full-stacktrace>
          </exception> <!-- org.openqa.selenium.NoSuchElementException -->
          <reporter-output>
          </reporter-output>
        </test-method> <!-- cartquantity -->
        <test-method is-config="true" signature="quit_browser()[pri:0, instance:amazon.ProjectOne.Testcase10_CartQuantitles@229c6181]" started-at="2024-09-23T22:39:51 CDT" name="quit_browser" finished-at="2024-09-23T22:39:57 CDT" duration-ms="5221" status="PASS">
          <reporter-output>
          </reporter-output>
        </test-method> <!-- quit_browser -->
        <test-method is-config="true" signature="launch_browser()[pri:0, instance:amazon.ProjectOne.Testcase10_CartQuantitles@229c6181]" started-at="2024-09-23T22:39:57 CDT" name="launch_browser" finished-at="2024-09-23T22:39:58 CDT" duration-ms="1709" status="PASS">
          <reporter-output>
          </reporter-output>
        </test-method> <!-- launch_browser -->
        <test-method signature="cartquantity()[pri:0, instance:amazon.ProjectOne.Testcase10_CartQuantitles@229c6181]" started-at="2024-09-23T22:39:58 CDT" name="cartquantity" finished-at="2024-09-23T22:40:08 CDT" duration-ms="9320" status="PASS">
          <reporter-output>
            <line>
              <![CDATA[Test case is pass]]>
            </line>
          </reporter-output>
        </test-method> <!-- cartquantity -->
        <test-method is-config="true" signature="quit_browser()[pri:0, instance:amazon.ProjectOne.Testcase10_CartQuantitles@229c6181]" started-at="2024-09-23T22:40:08 CDT" name="quit_browser" finished-at="2024-09-23T22:40:13 CDT" duration-ms="5244" status="PASS">
          <reporter-output>
          </reporter-output>
        </test-method> <!-- quit_browser -->
      </class> <!-- amazon.ProjectOne.Testcase10_CartQuantitles -->
      <class name="amazon.ProjectOne.Testcase8_sortby_Relevance_Price_Rating">
        <test-method is-config="true" signature="launch_browser()[pri:0, instance:amazon.ProjectOne.Testcase8_sortby_Relevance_Price_Rating@38cee291]" started-at="2024-09-23T22:41:42 CDT" name="launch_browser" finished-at="2024-09-23T22:41:44 CDT" duration-ms="1961" status="PASS">
          <reporter-output>
          </reporter-output>
        </test-method> <!-- launch_browser -->
        <test-method retried="true" signature="sortbyprice()[pri:0, instance:amazon.ProjectOne.Testcase8_sortby_Relevance_Price_Rating@38cee291]" started-at="2024-09-23T22:41:44 CDT" name="sortbyprice" finished-at="2024-09-23T22:41:54 CDT" duration-ms="10059" status="SKIP">
          <exception class="org.openqa.selenium.NoSuchElementException">
            <message>
              <![CDATA[no such element: Unable to locate element: {"method":"css selector","selector":"#twotabsearchtextbox"}
  (Session info: chrome=128.0.6613.138)
For documentation on this error, please visit: https://www.selenium.dev/documentation/webdriver/troubleshooting/errors#no-such-element-exception
Build info: version: '4.23.0', revision: '4df0a231af'
System info: os.name: 'Windows 11', os.arch: 'amd64', os.version: '10.0', java.version: '17.0.11'
Driver info: org.openqa.selenium.chrome.ChromeDriver
Command: [93b70684b7fdd0546f72e51d9c3fd33e, findElement {value=twotabsearchtextbox, using=id}]
Capabilities {acceptInsecureCerts: false, browserName: chrome, browserVersion: 128.0.6613.138, chrome: {chromedriverVersion: 128.0.6613.137 (fe621c5aa2d..., userDataDir: C:\Users\banal\AppData\Loca...}, fedcm:accounts: true, goog:chromeOptions: {debuggerAddress: localhost:61486}, networkConnectionEnabled: false, pageLoadStrategy: normal, platformName: windows, proxy: Proxy(), se:cdp: ws://localhost:61486/devtoo..., se:cdpVersion: 128.0.6613.138, setWindowRect: true, strictFileInteractability: false, timeouts: {implicit: 0, pageLoad: 300000, script: 30000}, unhandledPromptBehavior: dismiss and notify, webauthn:extension:credBlob: true, webauthn:extension:largeBlob: true, webauthn:extension:minPinLength: true, webauthn:extension:prf: true, webauthn:virtualAuthenticators: true}
Session ID: 93b70684b7fdd0546f72e51d9c3fd33e]]>
            </message>
            <full-stacktrace>
              <![CDATA[org.openqa.selenium.NoSuchElementException: no such element: Unable to locate element: {"method":"css selector","selector":"#twotabsearchtextbox"}
  (Session info: chrome=128.0.6613.138)
For documentation on this error, please visit: https://www.selenium.dev/documentation/webdriver/troubleshooting/errors#no-such-element-exception
Build info: version: '4.23.0', revision: '4df0a231af'
System info: os.name: 'Windows 11', os.arch: 'amd64', os.version: '10.0', java.version: '17.0.11'
Driver info: org.openqa.selenium.chrome.ChromeDriver
Command: [93b70684b7fdd0546f72e51d9c3fd33e, findElement {value=twotabsearchtextbox, using=id}]
Capabilities {acceptInsecureCerts: false, browserName: chrome, browserVersion: 128.0.6613.138, chrome: {chromedriverVersion: 128.0.6613.137 (fe621c5aa2d..., userDataDir: C:\Users\banal\AppData\Loca...}, fedcm:accounts: true, goog:chromeOptions: {debuggerAddress: localhost:61486}, networkConnectionEnabled: false, pageLoadStrategy: normal, platformName: windows, proxy: Proxy(), se:cdp: ws://localhost:61486/devtoo..., se:cdpVersion: 128.0.6613.138, setWindowRect: true, strictFileInteractability: false, timeouts: {implicit: 0, pageLoad: 300000, script: 30000}, unhandledPromptBehavior: dismiss and notify, webauthn:extension:credBlob: true, webauthn:extension:largeBlob: true, webauthn:extension:minPinLength: true, webauthn:extension:prf: true, webauthn:virtualAuthenticators: true}
Session ID: 93b70684b7fdd0546f72e51d9c3fd33e
at java.base/jdk.internal.reflect.NativeConstructorAccessorImpl.newInstance0(Native Method)
at java.base/jdk.internal.reflect.NativeConstructorAccessorImpl.newInstance(NativeConstructorAccessorImpl.java:77)
at java.base/jdk.internal.reflect.DelegatingConstructorAccessorImpl.newInstance(DelegatingConstructorAccessorImpl.java:45)
at java.base/java.lang.reflect.Constructor.newInstanceWithCaller(Constructor.java:499)
at java.base/java.lang.reflect.Constructor.newInstance(Constructor.java:480)
at org.openqa.selenium.remote.ErrorCodec.decode(ErrorCodec.java:167)
at org.openqa.selenium.remote.codec.w3c.W3CHttpResponseCodec.decode(W3CHttpResponseCodec.java:138)
at org.openqa.selenium.remote.codec.w3c.W3CHttpResponseCodec.decode(W3CHttpResponseCodec.java:50)
at org.openqa.selenium.remote.HttpCommandExecutor.execute(HttpCommandExecutor.java:190)
at org.openqa.selenium.remote.service.DriverCommandExecutor.invokeExecute(DriverCommandExecutor.java:216)
at org.openqa.selenium.remote.service.DriverCommandExecutor.execute(DriverCommandExecutor.java:174)
at org.openqa.selenium.remote.RemoteWebDriver.execute(RemoteWebDriver.java:527)
at org.openqa.selenium.remote.ElementLocation$ElementFinder$2.findElement(ElementLocation.java:165)
at org.openqa.selenium.remote.ElementLocation.findElement(ElementLocation.java:66)
at org.openqa.selenium.remote.RemoteWebDriver.findElement(RemoteWebDriver.java:357)
at org.openqa.selenium.remote.RemoteWebDriver.findElement(RemoteWebDriver.java:351)
at org.openqa.selenium.support.pagefactory.DefaultElementLocator.findElement(DefaultElementLocator.java:68)
at org.openqa.selenium.support.pagefactory.internal.LocatingElementHandler.invoke(LocatingElementHandler.java:38)
at jdk.proxy2/jdk.proxy2.$Proxy10.sendKeys(Unknown Source)
at amazon.ProjectOne.Home_Amazon.searchproduct(Home_Amazon.java:63)
at amazon.ProjectOne.Testcase8_sortby_Relevance_Price_Rating.sortbyprice(Testcase8_sortby_Relevance_Price_Rating.java:16)
at java.base/jdk.internal.reflect.NativeMethodAccessorImpl.invoke0(Native Method)
at java.base/jdk.internal.reflect.NativeMethodAccessorImpl.invoke(NativeMethodAccessorImpl.java:77)
at java.base/jdk.internal.reflect.DelegatingMethodAccessorImpl.invoke(DelegatingMethodAccessorImpl.java:43)
at java.base/java.lang.reflect.Method.invoke(Method.java:568)
at org.testng.internal.invokers.MethodInvocationHelper.invokeMethod(MethodInvocationHelper.java:139)
at org.testng.internal.invokers.TestInvoker.invokeMethod(TestInvoker.java:664)
at org.testng.internal.invokers.TestInvoker.invokeTestMethod(TestInvoker.java:227)
at org.testng.internal.invokers.MethodRunner.runInSequence(MethodRunner.java:50)
at org.testng.internal.invokers.TestInvoker$MethodInvocationAgent.invoke(TestInvoker.java:957)
at org.testng.internal.invokers.TestInvoker.invokeTestMethods(TestInvoker.java:200)
at org.testng.internal.invokers.TestMethodWorker.invokeTestMethods(TestMethodWorker.java:148)
at org.testng.internal.invokers.TestMethodWorker.run(TestMethodWorker.java:128)
at java.base/java.util.ArrayList.forEach(ArrayList.java:1511)
at org.testng.TestRunner.privateRun(TestRunner.java:848)
at org.testng.TestRunner.run(TestRunner.java:621)
at org.testng.SuiteRunner.runTest(SuiteRunner.java:443)
at org.testng.SuiteRunner.runSequentially(SuiteRunner.java:437)
at org.testng.SuiteRunner.privateRun(SuiteRunner.java:397)
at org.testng.SuiteRunner.run(SuiteRunner.java:336)
at org.testng.SuiteRunnerWorker.runSuite(SuiteRunnerWorker.java:52)
at org.testng.SuiteRunnerWorker.run(SuiteRunnerWorker.java:95)
at org.testng.TestNG.runSuitesSequentially(TestNG.java:1280)
at org.testng.TestNG.runSuitesLocally(TestNG.java:1200)
at org.testng.TestNG.runSuites(TestNG.java:1114)
at org.testng.TestNG.run(TestNG.java:1082)
at org.apache.maven.surefire.testng.TestNGExecutor.run(TestNGExecutor.java:308)
at org.apache.maven.surefire.testng.TestNGXmlTestSuite.execute(TestNGXmlTestSuite.java:71)
at org.apache.maven.surefire.testng.TestNGProvider.invoke(TestNGProvider.java:113)
at org.apache.maven.surefire.booter.ForkedBooter.runSuitesInProcess(ForkedBooter.java:385)
at org.apache.maven.surefire.booter.ForkedBooter.execute(ForkedBooter.java:162)
at org.apache.maven.surefire.booter.ForkedBooter.run(ForkedBooter.java:507)
at org.apache.maven.surefire.booter.ForkedBooter.main(ForkedBooter.java:495)
]]>
            </full-stacktrace>
          </exception> <!-- org.openqa.selenium.NoSuchElementException -->
          <reporter-output>
          </reporter-output>
        </test-method> <!-- sortbyprice -->
        <test-method is-config="true" signature="quit_browser()[pri:0, instance:amazon.ProjectOne.Testcase8_sortby_Relevance_Price_Rating@38cee291]" started-at="2024-09-23T22:41:54 CDT" name="quit_browser" finished-at="2024-09-23T22:41:59 CDT" duration-ms="5225" status="PASS">
          <reporter-output>
          </reporter-output>
        </test-method> <!-- quit_browser -->
        <test-method is-config="true" signature="launch_browser()[pri:0, instance:amazon.ProjectOne.Testcase8_sortby_Relevance_Price_Rating@38cee291]" started-at="2024-09-23T22:41:59 CDT" name="launch_browser" finished-at="2024-09-23T22:42:01 CDT" duration-ms="1848" status="PASS">
          <reporter-output>
          </reporter-output>
        </test-method> <!-- launch_browser -->
        <test-method signature="sortbyprice()[pri:0, instance:amazon.ProjectOne.Testcase8_sortby_Relevance_Price_Rating@38cee291]" started-at="2024-09-23T22:42:01 CDT" name="sortbyprice" finished-at="2024-09-23T22:42:05 CDT" duration-ms="3278" status="PASS">
          <reporter-output>
            <line>
              <![CDATA[Test case is pass]]>
            </line>
          </reporter-output>
        </test-method> <!-- sortbyprice -->
        <test-method is-config="true" signature="quit_browser()[pri:0, instance:amazon.ProjectOne.Testcase8_sortby_Relevance_Price_Rating@38cee291]" started-at="2024-09-23T22:42:05 CDT" name="quit_browser" finished-at="2024-09-23T22:42:10 CDT" duration-ms="5270" status="PASS">
          <reporter-output>
          </reporter-output>
        </test-method> <!-- quit_browser -->
      </class> <!-- amazon.ProjectOne.Testcase8_sortby_Relevance_Price_Rating -->
      <class name="amazon.ProjectOne.Testcase11_untillPaymentsAndOrderdetails">
        <test-method is-config="true" signature="launch_browser()[pri:0, instance:amazon.ProjectOne.Testcase11_untillPaymentsAndOrderdetails@791f145a]" started-at="2024-09-23T22:41:07 CDT" name="launch_browser" finished-at="2024-09-23T22:41:09 CDT" duration-ms="2062" status="PASS">
          <reporter-output>
          </reporter-output>
        </test-method> <!-- launch_browser -->
        <test-method signature="checkout()[pri:0, instance:amazon.ProjectOne.Testcase11_untillPaymentsAndOrderdetails@791f145a]" started-at="2024-09-23T22:41:09 CDT" name="checkout" finished-at="2024-09-23T22:41:37 CDT" duration-ms="27684" status="PASS">
          <reporter-output>
            <line>
              <![CDATA[Test case is pass]]>
            </line>
          </reporter-output>
        </test-method> <!-- checkout -->
        <test-method is-config="true" signature="quit_browser()[pri:0, instance:amazon.ProjectOne.Testcase11_untillPaymentsAndOrderdetails@791f145a]" started-at="2024-09-23T22:41:37 CDT" name="quit_browser" finished-at="2024-09-23T22:41:42 CDT" duration-ms="5332" status="PASS">
          <reporter-output>
          </reporter-output>
        </test-method> <!-- quit_browser -->
      </class> <!-- amazon.ProjectOne.Testcase11_untillPaymentsAndOrderdetails -->
      <class name="amazon.ProjectOne.Testcase1_for_RegisterNewUser">
        <test-method is-config="true" signature="launch_browser()[pri:0, instance:amazon.ProjectOne.Testcase1_for_RegisterNewUser@1e0b4072]" started-at="2024-09-23T22:40:57 CDT" name="launch_browser" finished-at="2024-09-23T22:40:59 CDT" duration-ms="2127" status="PASS">
          <reporter-output>
          </reporter-output>
        </test-method> <!-- launch_browser -->
        <test-method signature="register()[pri:0, instance:amazon.ProjectOne.Testcase1_for_RegisterNewUser@1e0b4072]" started-at="2024-09-23T22:40:59 CDT" name="register" finished-at="2024-09-23T22:41:01 CDT" duration-ms="2182" status="PASS">
          <reporter-output>
            <line>
              <![CDATA[Test case is pass]]>
            </line>
          </reporter-output>
        </test-method> <!-- register -->
        <test-method is-config="true" signature="quit_browser()[pri:0, instance:amazon.ProjectOne.Testcase1_for_RegisterNewUser@1e0b4072]" started-at="2024-09-23T22:41:02 CDT" name="quit_browser" finished-at="2024-09-23T22:41:07 CDT" duration-ms="5374" status="PASS">
          <reporter-output>
          </reporter-output>
        </test-method> <!-- quit_browser -->
      </class> <!-- amazon.ProjectOne.Testcase1_for_RegisterNewUser -->
      <class name="amazon.ProjectOne.Testcase14_OrderedPage_5StarRating">
        <test-method is-config="true" signature="launch_browser()[pri:0, instance:amazon.ProjectOne.Testcase14_OrderedPage_5StarRating@e350b40]" started-at="2024-09-23T22:42:33 CDT" name="launch_browser" finished-at="2024-09-23T22:42:35 CDT" duration-ms="2137" status="PASS">
          <reporter-output>
          </reporter-output>
        </test-method> <!-- launch_browser -->
        <test-method signature="fivestar_rating()[pri:0, instance:amazon.ProjectOne.Testcase14_OrderedPage_5StarRating@e350b40]" started-at="2024-09-23T22:42:35 CDT" name="fivestar_rating" finished-at="2024-09-23T22:42:42 CDT" duration-ms="6926" status="PASS">
          <reporter-output>
            <line>
              <![CDATA[Test case is pass]]>
            </line>
          </reporter-output>
        </test-method> <!-- fivestar_rating -->
        <test-method is-config="true" signature="quit_browser()[pri:0, instance:amazon.ProjectOne.Testcase14_OrderedPage_5StarRating@e350b40]" started-at="2024-09-23T22:42:42 CDT" name="quit_browser" finished-at="2024-09-23T22:42:47 CDT" duration-ms="5207" status="PASS">
          <reporter-output>
          </reporter-output>
        </test-method> <!-- quit_browser -->
      </class> <!-- amazon.ProjectOne.Testcase14_OrderedPage_5StarRating -->
      <class name="amazon.ProjectOne.Testcase6_searchingWithFilters">
        <test-method is-config="true" signature="launch_browser()[pri:0, instance:amazon.ProjectOne.Testcase6_searchingWithFilters@4d154ccd]" started-at="2024-09-23T22:39:28 CDT" name="launch_browser" finished-at="2024-09-23T22:39:30 CDT" duration-ms="2107" status="PASS">
          <reporter-output>
          </reporter-output>
        </test-method> <!-- launch_browser -->
        <test-method signature="filters()[pri:0, instance:amazon.ProjectOne.Testcase6_searchingWithFilters@4d154ccd]" started-at="2024-09-23T22:39:30 CDT" name="filters" finished-at="2024-09-23T22:39:34 CDT" duration-ms="3711" status="PASS">
          <reporter-output>
            <line>
              <![CDATA[Test case is pass]]>
            </line>
          </reporter-output>
        </test-method> <!-- filters -->
        <test-method is-config="true" signature="quit_browser()[pri:0, instance:amazon.ProjectOne.Testcase6_searchingWithFilters@4d154ccd]" started-at="2024-09-23T22:39:34 CDT" name="quit_browser" finished-at="2024-09-23T22:39:39 CDT" duration-ms="5278" status="PASS">
          <reporter-output>
          </reporter-output>
        </test-method> <!-- quit_browser -->
      </class> <!-- amazon.ProjectOne.Testcase6_searchingWithFilters -->
      <class name="amazon.ProjectOne.Testcase2_for_Loginwith_CorrectCredentials">
        <test-method is-config="true" signature="launch_browser()[pri:0, instance:amazon.ProjectOne.Testcase2_for_Loginwith_CorrectCredentials@4b45a2f5]" started-at="2024-09-23T22:42:10 CDT" name="launch_browser" finished-at="2024-09-23T22:42:12 CDT" duration-ms="2167" status="PASS">
          <reporter-output>
          </reporter-output>
        </test-method> <!-- launch_browser -->
        <test-method signature="login()[pri:0, instance:amazon.ProjectOne.Testcase2_for_Loginwith_CorrectCredentials@4b45a2f5]" started-at="2024-09-23T22:42:12 CDT" name="login" finished-at="2024-09-23T22:42:18 CDT" duration-ms="6211" status="PASS">
          <reporter-output>
            <line>
              <![CDATA[Test case is pass]]>
            </line>
          </reporter-output>
        </test-method> <!-- login -->
        <test-method is-config="true" signature="quit_browser()[pri:0, instance:amazon.ProjectOne.Testcase2_for_Loginwith_CorrectCredentials@4b45a2f5]" started-at="2024-09-23T22:42:19 CDT" name="quit_browser" finished-at="2024-09-23T22:42:24 CDT" duration-ms="5233" status="PASS">
          <reporter-output>
          </reporter-output>
        </test-method> <!-- quit_browser -->
      </class> <!-- amazon.ProjectOne.Testcase2_for_Loginwith_CorrectCredentials -->
      <class name="amazon.ProjectOne.Testcase13_Couponcode">
        <test-method is-config="true" signature="launch_browser()[pri:0, instance:amazon.ProjectOne.Testcase13_Couponcode@5677323c]" started-at="2024-09-23T22:37:29 CDT" name="launch_browser" finished-at="2024-09-23T22:37:31 CDT" duration-ms="1916" status="PASS">
          <reporter-output>
          </reporter-output>
        </test-method> <!-- launch_browser -->
        <test-method retried="true" signature="couponcode()[pri:0, instance:amazon.ProjectOne.Testcase13_Couponcode@5677323c]" started-at="2024-09-23T22:37:31 CDT" name="couponcode" finished-at="2024-09-23T22:37:41 CDT" duration-ms="10033" status="SKIP">
          <exception class="org.openqa.selenium.NoSuchElementException">
            <message>
              <![CDATA[no such element: Unable to locate element: {"method":"css selector","selector":"#twotabsearchtextbox"}
  (Session info: chrome=128.0.6613.138)
For documentation on this error, please visit: https://www.selenium.dev/documentation/webdriver/troubleshooting/errors#no-such-element-exception
Build info: version: '4.23.0', revision: '4df0a231af'
System info: os.name: 'Windows 11', os.arch: 'amd64', os.version: '10.0', java.version: '17.0.11'
Driver info: org.openqa.selenium.chrome.ChromeDriver
Command: [0af382f6bc5998e174977ed5a87669fc, findElement {value=twotabsearchtextbox, using=id}]
Capabilities {acceptInsecureCerts: false, browserName: chrome, browserVersion: 128.0.6613.138, chrome: {chromedriverVersion: 128.0.6613.137 (fe621c5aa2d..., userDataDir: C:\Users\banal\AppData\Loca...}, fedcm:accounts: true, goog:chromeOptions: {debuggerAddress: localhost:60165}, networkConnectionEnabled: false, pageLoadStrategy: normal, platformName: windows, proxy: Proxy(), se:cdp: ws://localhost:60165/devtoo..., se:cdpVersion: 128.0.6613.138, setWindowRect: true, strictFileInteractability: false, timeouts: {implicit: 0, pageLoad: 300000, script: 30000}, unhandledPromptBehavior: dismiss and notify, webauthn:extension:credBlob: true, webauthn:extension:largeBlob: true, webauthn:extension:minPinLength: true, webauthn:extension:prf: true, webauthn:virtualAuthenticators: true}
Session ID: 0af382f6bc5998e174977ed5a87669fc]]>
            </message>
            <full-stacktrace>
              <![CDATA[org.openqa.selenium.NoSuchElementException: no such element: Unable to locate element: {"method":"css selector","selector":"#twotabsearchtextbox"}
  (Session info: chrome=128.0.6613.138)
For documentation on this error, please visit: https://www.selenium.dev/documentation/webdriver/troubleshooting/errors#no-such-element-exception
Build info: version: '4.23.0', revision: '4df0a231af'
System info: os.name: 'Windows 11', os.arch: 'amd64', os.version: '10.0', java.version: '17.0.11'
Driver info: org.openqa.selenium.chrome.ChromeDriver
Command: [0af382f6bc5998e174977ed5a87669fc, findElement {value=twotabsearchtextbox, using=id}]
Capabilities {acceptInsecureCerts: false, browserName: chrome, browserVersion: 128.0.6613.138, chrome: {chromedriverVersion: 128.0.6613.137 (fe621c5aa2d..., userDataDir: C:\Users\banal\AppData\Loca...}, fedcm:accounts: true, goog:chromeOptions: {debuggerAddress: localhost:60165}, networkConnectionEnabled: false, pageLoadStrategy: normal, platformName: windows, proxy: Proxy(), se:cdp: ws://localhost:60165/devtoo..., se:cdpVersion: 128.0.6613.138, setWindowRect: true, strictFileInteractability: false, timeouts: {implicit: 0, pageLoad: 300000, script: 30000}, unhandledPromptBehavior: dismiss and notify, webauthn:extension:credBlob: true, webauthn:extension:largeBlob: true, webauthn:extension:minPinLength: true, webauthn:extension:prf: true, webauthn:virtualAuthenticators: true}
Session ID: 0af382f6bc5998e174977ed5a87669fc
at java.base/jdk.internal.reflect.NativeConstructorAccessorImpl.newInstance0(Native Method)
at java.base/jdk.internal.reflect.NativeConstructorAccessorImpl.newInstance(NativeConstructorAccessorImpl.java:77)
at java.base/jdk.internal.reflect.DelegatingConstructorAccessorImpl.newInstance(DelegatingConstructorAccessorImpl.java:45)
at java.base/java.lang.reflect.Constructor.newInstanceWithCaller(Constructor.java:499)
at java.base/java.lang.reflect.Constructor.newInstance(Constructor.java:480)
at org.openqa.selenium.remote.ErrorCodec.decode(ErrorCodec.java:167)
at org.openqa.selenium.remote.codec.w3c.W3CHttpResponseCodec.decode(W3CHttpResponseCodec.java:138)
at org.openqa.selenium.remote.codec.w3c.W3CHttpResponseCodec.decode(W3CHttpResponseCodec.java:50)
at org.openqa.selenium.remote.HttpCommandExecutor.execute(HttpCommandExecutor.java:190)
at org.openqa.selenium.remote.service.DriverCommandExecutor.invokeExecute(DriverCommandExecutor.java:216)
at org.openqa.selenium.remote.service.DriverCommandExecutor.execute(DriverCommandExecutor.java:174)
at org.openqa.selenium.remote.RemoteWebDriver.execute(RemoteWebDriver.java:527)
at org.openqa.selenium.remote.ElementLocation$ElementFinder$2.findElement(ElementLocation.java:165)
at org.openqa.selenium.remote.ElementLocation.findElement(ElementLocation.java:66)
at org.openqa.selenium.remote.RemoteWebDriver.findElement(RemoteWebDriver.java:357)
at org.openqa.selenium.remote.RemoteWebDriver.findElement(RemoteWebDriver.java:351)
at org.openqa.selenium.support.pagefactory.DefaultElementLocator.findElement(DefaultElementLocator.java:68)
at org.openqa.selenium.support.pagefactory.internal.LocatingElementHandler.invoke(LocatingElementHandler.java:38)
at jdk.proxy2/jdk.proxy2.$Proxy10.sendKeys(Unknown Source)
at amazon.ProjectOne.Home_Amazon.searchproduct(Home_Amazon.java:63)
at amazon.ProjectOne.Testcase13_Couponcode.couponcode(Testcase13_Couponcode.java:26)
at java.base/jdk.internal.reflect.NativeMethodAccessorImpl.invoke0(Native Method)
at java.base/jdk.internal.reflect.NativeMethodAccessorImpl.invoke(NativeMethodAccessorImpl.java:77)
at java.base/jdk.internal.reflect.DelegatingMethodAccessorImpl.invoke(DelegatingMethodAccessorImpl.java:43)
at java.base/java.lang.reflect.Method.invoke(Method.java:568)
at org.testng.internal.invokers.MethodInvocationHelper.invokeMethod(MethodInvocationHelper.java:139)
at org.testng.internal.invokers.TestInvoker.invokeMethod(TestInvoker.java:664)
at org.testng.internal.invokers.TestInvoker.invokeTestMethod(TestInvoker.java:227)
at org.testng.internal.invokers.MethodRunner.runInSequence(MethodRunner.java:50)
at org.testng.internal.invokers.TestInvoker$MethodInvocationAgent.invoke(TestInvoker.java:957)
at org.testng.internal.invokers.TestInvoker.invokeTestMethods(TestInvoker.java:200)
at org.testng.internal.invokers.TestMethodWorker.invokeTestMethods(TestMethodWorker.java:148)
at org.testng.internal.invokers.TestMethodWorker.run(TestMethodWorker.java:128)
at java.base/java.util.ArrayList.forEach(ArrayList.java:1511)
at org.testng.TestRunner.privateRun(TestRunner.java:848)
at org.testng.TestRunner.run(TestRunner.java:621)
at org.testng.SuiteRunner.runTest(SuiteRunner.java:443)
at org.testng.SuiteRunner.runSequentially(SuiteRunner.java:437)
at org.testng.SuiteRunner.privateRun(SuiteRunner.java:397)
at org.testng.SuiteRunner.run(SuiteRunner.java:336)
at org.testng.SuiteRunnerWorker.runSuite(SuiteRunnerWorker.java:52)
at org.testng.SuiteRunnerWorker.run(SuiteRunnerWorker.java:95)
at org.testng.TestNG.runSuitesSequentially(TestNG.java:1280)
at org.testng.TestNG.runSuitesLocally(TestNG.java:1200)
at org.testng.TestNG.runSuites(TestNG.java:1114)
at org.testng.TestNG.run(TestNG.java:1082)
at org.apache.maven.surefire.testng.TestNGExecutor.run(TestNGExecutor.java:308)
at org.apache.maven.surefire.testng.TestNGXmlTestSuite.execute(TestNGXmlTestSuite.java:71)
at org.apache.maven.surefire.testng.TestNGProvider.invoke(TestNGProvider.java:113)
at org.apache.maven.surefire.booter.ForkedBooter.runSuitesInProcess(ForkedBooter.java:385)
at org.apache.maven.surefire.booter.ForkedBooter.execute(ForkedBooter.java:162)
at org.apache.maven.surefire.booter.ForkedBooter.run(ForkedBooter.java:507)
at org.apache.maven.surefire.booter.ForkedBooter.main(ForkedBooter.java:495)
]]>
            </full-stacktrace>
          </exception> <!-- org.openqa.selenium.NoSuchElementException -->
          <reporter-output>
          </reporter-output>
        </test-method> <!-- couponcode -->
        <test-method is-config="true" signature="quit_browser()[pri:0, instance:amazon.ProjectOne.Testcase13_Couponcode@5677323c]" started-at="2024-09-23T22:37:41 CDT" name="quit_browser" finished-at="2024-09-23T22:37:46 CDT" duration-ms="5221" status="PASS">
          <reporter-output>
          </reporter-output>
        </test-method> <!-- quit_browser -->
        <test-method is-config="true" signature="launch_browser()[pri:0, instance:amazon.ProjectOne.Testcase13_Couponcode@5677323c]" started-at="2024-09-23T22:37:46 CDT" name="launch_browser" finished-at="2024-09-23T22:37:48 CDT" duration-ms="2159" status="PASS">
          <reporter-output>
          </reporter-output>
        </test-method> <!-- launch_browser -->
        <test-method retried="true" signature="couponcode()[pri:0, instance:amazon.ProjectOne.Testcase13_Couponcode@5677323c]" started-at="2024-09-23T22:37:48 CDT" name="couponcode" finished-at="2024-09-23T22:38:08 CDT" duration-ms="20028" status="SKIP">
          <exception class="org.openqa.selenium.NoSuchElementException">
            <message>
              <![CDATA[no such element: Unable to locate element: {"method":"css selector","selector":"#ap_password"}
  (Session info: chrome=128.0.6613.138)
For documentation on this error, please visit: https://www.selenium.dev/documentation/webdriver/troubleshooting/errors#no-such-element-exception
Build info: version: '4.23.0', revision: '4df0a231af'
System info: os.name: 'Windows 11', os.arch: 'amd64', os.version: '10.0', java.version: '17.0.11'
Driver info: org.openqa.selenium.chrome.ChromeDriver
Command: [41b1785e473a23beb12485f6e13bd181, findElement {value=ap_password, using=id}]
Capabilities {acceptInsecureCerts: false, browserName: chrome, browserVersion: 128.0.6613.138, chrome: {chromedriverVersion: 128.0.6613.137 (fe621c5aa2d..., userDataDir: C:\Users\banal\AppData\Loca...}, fedcm:accounts: true, goog:chromeOptions: {debuggerAddress: localhost:60201}, networkConnectionEnabled: false, pageLoadStrategy: normal, platformName: windows, proxy: Proxy(), se:cdp: ws://localhost:60201/devtoo..., se:cdpVersion: 128.0.6613.138, setWindowRect: true, strictFileInteractability: false, timeouts: {implicit: 0, pageLoad: 300000, script: 30000}, unhandledPromptBehavior: dismiss and notify, webauthn:extension:credBlob: true, webauthn:extension:largeBlob: true, webauthn:extension:minPinLength: true, webauthn:extension:prf: true, webauthn:virtualAuthenticators: true}
Session ID: 41b1785e473a23beb12485f6e13bd181]]>
            </message>
            <full-stacktrace>
              <![CDATA[org.openqa.selenium.NoSuchElementException: no such element: Unable to locate element: {"method":"css selector","selector":"#ap_password"}
  (Session info: chrome=128.0.6613.138)
For documentation on this error, please visit: https://www.selenium.dev/documentation/webdriver/troubleshooting/errors#no-such-element-exception
Build info: version: '4.23.0', revision: '4df0a231af'
System info: os.name: 'Windows 11', os.arch: 'amd64', os.version: '10.0', java.version: '17.0.11'
Driver info: org.openqa.selenium.chrome.ChromeDriver
Command: [41b1785e473a23beb12485f6e13bd181, findElement {value=ap_password, using=id}]
Capabilities {acceptInsecureCerts: false, browserName: chrome, browserVersion: 128.0.6613.138, chrome: {chromedriverVersion: 128.0.6613.137 (fe621c5aa2d..., userDataDir: C:\Users\banal\AppData\Loca...}, fedcm:accounts: true, goog:chromeOptions: {debuggerAddress: localhost:60201}, networkConnectionEnabled: false, pageLoadStrategy: normal, platformName: windows, proxy: Proxy(), se:cdp: ws://localhost:60201/devtoo..., se:cdpVersion: 128.0.6613.138, setWindowRect: true, strictFileInteractability: false, timeouts: {implicit: 0, pageLoad: 300000, script: 30000}, unhandledPromptBehavior: dismiss and notify, webauthn:extension:credBlob: true, webauthn:extension:largeBlob: true, webauthn:extension:minPinLength: true, webauthn:extension:prf: true, webauthn:virtualAuthenticators: true}
Session ID: 41b1785e473a23beb12485f6e13bd181
at java.base/jdk.internal.reflect.NativeConstructorAccessorImpl.newInstance0(Native Method)
at java.base/jdk.internal.reflect.NativeConstructorAccessorImpl.newInstance(NativeConstructorAccessorImpl.java:77)
at java.base/jdk.internal.reflect.DelegatingConstructorAccessorImpl.newInstance(DelegatingConstructorAccessorImpl.java:45)
at java.base/java.lang.reflect.Constructor.newInstanceWithCaller(Constructor.java:499)
at java.base/java.lang.reflect.Constructor.newInstance(Constructor.java:480)
at org.openqa.selenium.remote.ErrorCodec.decode(ErrorCodec.java:167)
at org.openqa.selenium.remote.codec.w3c.W3CHttpResponseCodec.decode(W3CHttpResponseCodec.java:138)
at org.openqa.selenium.remote.codec.w3c.W3CHttpResponseCodec.decode(W3CHttpResponseCodec.java:50)
at org.openqa.selenium.remote.HttpCommandExecutor.execute(HttpCommandExecutor.java:190)
at org.openqa.selenium.remote.service.DriverCommandExecutor.invokeExecute(DriverCommandExecutor.java:216)
at org.openqa.selenium.remote.service.DriverCommandExecutor.execute(DriverCommandExecutor.java:174)
at org.openqa.selenium.remote.RemoteWebDriver.execute(RemoteWebDriver.java:527)
at org.openqa.selenium.remote.ElementLocation$ElementFinder$2.findElement(ElementLocation.java:165)
at org.openqa.selenium.remote.ElementLocation.findElement(ElementLocation.java:59)
at org.openqa.selenium.remote.RemoteWebDriver.findElement(RemoteWebDriver.java:357)
at org.openqa.selenium.remote.RemoteWebDriver.findElement(RemoteWebDriver.java:351)
at org.openqa.selenium.support.pagefactory.DefaultElementLocator.findElement(DefaultElementLocator.java:68)
at org.openqa.selenium.support.pagefactory.internal.LocatingElementHandler.invoke(LocatingElementHandler.java:38)
at jdk.proxy2/jdk.proxy2.$Proxy10.sendKeys(Unknown Source)
at amazon.ProjectOne.LoginAmazon.pswd(LoginAmazon.java:44)
at amazon.ProjectOne.Testcase13_Couponcode.couponcode(Testcase13_Couponcode.java:44)
at java.base/jdk.internal.reflect.NativeMethodAccessorImpl.invoke0(Native Method)
at java.base/jdk.internal.reflect.NativeMethodAccessorImpl.invoke(NativeMethodAccessorImpl.java:77)
at java.base/jdk.internal.reflect.DelegatingMethodAccessorImpl.invoke(DelegatingMethodAccessorImpl.java:43)
at java.base/java.lang.reflect.Method.invoke(Method.java:568)
at org.testng.internal.invokers.MethodInvocationHelper.invokeMethod(MethodInvocationHelper.java:139)
at org.testng.internal.invokers.TestInvoker.invokeMethod(TestInvoker.java:664)
at org.testng.internal.invokers.TestInvoker.retryFailed(TestInvoker.java:248)
at org.testng.internal.invokers.MethodRunner.runInSequence(MethodRunner.java:62)
at org.testng.internal.invokers.TestInvoker$MethodInvocationAgent.invoke(TestInvoker.java:957)
at org.testng.internal.invokers.TestInvoker.invokeTestMethods(TestInvoker.java:200)
at org.testng.internal.invokers.TestMethodWorker.invokeTestMethods(TestMethodWorker.java:148)
at org.testng.internal.invokers.TestMethodWorker.run(TestMethodWorker.java:128)
at java.base/java.util.ArrayList.forEach(ArrayList.java:1511)
at org.testng.TestRunner.privateRun(TestRunner.java:848)
at org.testng.TestRunner.run(TestRunner.java:621)
at org.testng.SuiteRunner.runTest(SuiteRunner.java:443)
at org.testng.SuiteRunner.runSequentially(SuiteRunner.java:437)
at org.testng.SuiteRunner.privateRun(SuiteRunner.java:397)
at org.testng.SuiteRunner.run(SuiteRunner.java:336)
at org.testng.SuiteRunnerWorker.runSuite(SuiteRunnerWorker.java:52)
at org.testng.SuiteRunnerWorker.run(SuiteRunnerWorker.java:95)
at org.testng.TestNG.runSuitesSequentially(TestNG.java:1280)
at org.testng.TestNG.runSuitesLocally(TestNG.java:1200)
at org.testng.TestNG.runSuites(TestNG.java:1114)
at org.testng.TestNG.run(TestNG.java:1082)
at org.apache.maven.surefire.testng.TestNGExecutor.run(TestNGExecutor.java:308)
at org.apache.maven.surefire.testng.TestNGXmlTestSuite.execute(TestNGXmlTestSuite.java:71)
at org.apache.maven.surefire.testng.TestNGProvider.invoke(TestNGProvider.java:113)
at org.apache.maven.surefire.booter.ForkedBooter.runSuitesInProcess(ForkedBooter.java:385)
at org.apache.maven.surefire.booter.ForkedBooter.execute(ForkedBooter.java:162)
at org.apache.maven.surefire.booter.ForkedBooter.run(ForkedBooter.java:507)
at org.apache.maven.surefire.booter.ForkedBooter.main(ForkedBooter.java:495)
]]>
            </full-stacktrace>
          </exception> <!-- org.openqa.selenium.NoSuchElementException -->
          <reporter-output>
          </reporter-output>
        </test-method> <!-- couponcode -->
        <test-method is-config="true" signature="quit_browser()[pri:0, instance:amazon.ProjectOne.Testcase13_Couponcode@5677323c]" started-at="2024-09-23T22:38:08 CDT" name="quit_browser" finished-at="2024-09-23T22:38:14 CDT" duration-ms="5272" status="PASS">
          <reporter-output>
          </reporter-output>
        </test-method> <!-- quit_browser -->
        <test-method is-config="true" signature="launch_browser()[pri:0, instance:amazon.ProjectOne.Testcase13_Couponcode@5677323c]" started-at="2024-09-23T22:38:14 CDT" name="launch_browser" finished-at="2024-09-23T22:38:15 CDT" duration-ms="1758" status="PASS">
          <reporter-output>
          </reporter-output>
        </test-method> <!-- launch_browser -->
        <test-method signature="couponcode()[pri:0, instance:amazon.ProjectOne.Testcase13_Couponcode@5677323c]" started-at="2024-09-23T22:38:15 CDT" name="couponcode" finished-at="2024-09-23T22:38:42 CDT" duration-ms="26266" status="PASS">
          <reporter-output>
            <line>
              <![CDATA[Test case is pass]]>
            </line>
          </reporter-output>
        </test-method> <!-- couponcode -->
        <test-method is-config="true" signature="quit_browser()[pri:0, instance:amazon.ProjectOne.Testcase13_Couponcode@5677323c]" started-at="2024-09-23T22:38:42 CDT" name="quit_browser" finished-at="2024-09-23T22:38:47 CDT" duration-ms="5305" status="PASS">
          <reporter-output>
          </reporter-output>
        </test-method> <!-- quit_browser -->
      </class> <!-- amazon.ProjectOne.Testcase13_Couponcode -->
    </test> <!-- Test -->
  </suite> <!-- Suite -->
</testng-results>
