<!DOCTYPE html PUBLIC "-//W3C//DTD XHTML 1.1//EN" "https://www.w3.org/TR/xhtml11/DTD/xhtml11.dtd">
<html xmlns="https://www.w3.org/1999/xhtml">
<head>
<meta http-equiv="content-type" content="text/html; charset=UTF-8"/>
<title>TestNG Report</title>
<style type="text/css">table {margin-bottom:10px;border-collapse:collapse;empty-cells:show}th,td {border:1px solid #009;padding:.25em .5em}th {vertical-align:bottom}td {vertical-align:top}table a {font-weight:bold}.stripe td {background-color: #E6EBF9}.num {text-align:right}.passedodd td {background-color: #3F3}.passedeven td {background-color: #0A0}.skippedodd td {background-color: #DDD}.skippedeven td {background-color: #CCC}.failedodd td,.attn {background-color: #F33}.failedeven td,.stripe .attn {background-color: #D00}.stacktrace {white-space:pre;font-family:monospace}.totop {font-size:85%;text-align:center;border-bottom:2px solid #000}.invisible {display:none}</style>
</head>
<body>
<table>
<tr><th>Test</th><th># Passed</th><th># Skipped</th><th># Retried</th><th># Failed</th><th>Time (ms)</th><th>Included Groups</th><th>Excluded Groups</th></tr>
<tr><th colspan="8">Suite</th></tr>
<tr><td><a href="#t0">Test</a></td><td class="num">13</td><td class="num">0</td><td class="num attn">6</td><td class="num attn">2</td><td class="num">351,782</td><td></td><td></td></tr>
</table>
<table id='summary'><thead><tr><th>Class</th><th>Method</th><th>Start</th><th>Time (ms)</th></tr></thead><tbody><tr><th colspan="4">Suite</th></tr></tbody><tbody id="t0"><tr><th colspan="4">Test &#8212; failed</th></tr><tr class="failedeven"><td rowspan="1">amazon.ProjectOne.Testcase10_CartQuantitles</td><td><a href="#m0">cartquantity</a></td><td rowspan="1">1727148494195</td><td rowspan="1">10029</td></tr><tr class="failedodd"><td rowspan="1">amazon.ProjectOne.Testcase13_Couponcode</td><td><a href="#m1">couponcode</a></td><td rowspan="1">1727148378667</td><td rowspan="1">18737</td></tr><tr><th colspan="4">Test &#8212; retried</th></tr><tr class="retriedeven"><td rowspan="2">amazon.ProjectOne.Testcase10_CartQuantitles</td><td><a href="#m2">cartquantity</a></td><td rowspan="2">1727148476911</td><td rowspan="2">10064</td></tr><tr class="retriedeven"><td><a href="#m3">cartquantity</a></td></tr><tr class="retriedodd"><td rowspan="2">amazon.ProjectOne.Testcase13_Couponcode</td><td><a href="#m4">couponcode</a></td><td rowspan="2">1727148334342</td><td rowspan="2">19370</td></tr><tr class="retriedodd"><td><a href="#m5">couponcode</a></td></tr><tr class="retriedeven"><td rowspan="1">amazon.ProjectOne.Testcase1_for_RegisterNewUser</td><td><a href="#m6">register</a></td><td rowspan="1">1727148529592</td><td rowspan="1">3848</td></tr><tr class="retriedodd"><td rowspan="1">amazon.ProjectOne.Testcase2_for_Loginwith_CorrectCredentials</td><td><a href="#m7">login</a></td><td rowspan="1">1727148597914</td><td rowspan="1">4857</td></tr><tr><th colspan="4">Test &#8212; passed</th></tr><tr class="passedeven"><td rowspan="1">amazon.ProjectOne.Testcase11_untillPaymentsAndOrderdetails</td><td><a href="#m8">checkout</a></td><td rowspan="1">1727148550544</td><td rowspan="1">29783</td></tr><tr class="passedodd"><td rowspan="1">amazon.ProjectOne.Testcase12_Paymentmethod</td><td><a href="#m9">paymentsmethod</a></td><td rowspan="1">1727148420820</td><td rowspan="1">21122</td></tr><tr class="passedeven"><td rowspan="1">amazon.ProjectOne.Testcase14_OrderedPage_5StarRating</td><td><a href="#m10">fivestar_rating</a></td><td rowspan="1">1727148631731</td><td rowspan="1">8608</td></tr><tr class="passedodd"><td rowspan="1">amazon.ProjectOne.Testcase15_ReachCartPage</td><td><a href="#m11">cartpagewithoutlogin</a></td><td rowspan="1">1727148404546</td><td rowspan="1">7818</td></tr><tr class="passedeven"><td rowspan="1">amazon.ProjectOne.Testcase1_for_RegisterNewUser</td><td><a href="#m12">register</a></td><td rowspan="1">1727148540856</td><td rowspan="1">2101</td></tr><tr class="passedodd"><td rowspan="1">amazon.ProjectOne.Testcase2_for_Loginwith_CorrectCredentials</td><td><a href="#m13">login</a></td><td rowspan="1">1727148610265</td><td rowspan="1">5081</td></tr><tr class="passedeven"><td rowspan="1">amazon.ProjectOne.Testcase3_for_Loginfails</td><td><a href="#m14">loginwithincorrect</a></td><td rowspan="1">1727148622834</td><td rowspan="1">1595</td></tr><tr class="passedodd"><td rowspan="1">amazon.ProjectOne.Testcase4_EditProfile</td><td><a href="#m15">editprfle</a></td><td rowspan="1">1727148511768</td><td rowspan="1">10293</td></tr><tr class="passedeven"><td rowspan="1">amazon.ProjectOne.Testcase5_searchingshoe</td><td><a href="#m16">search</a></td><td rowspan="1">1727148647754</td><td rowspan="1">2309</td></tr><tr class="passedodd"><td rowspan="1">amazon.ProjectOne.Testcase6_searchingWithFilters</td><td><a href="#m17">filters</a></td><td rowspan="1">1727148449396</td><td rowspan="1">3405</td></tr><tr class="passedeven"><td rowspan="1">amazon.ProjectOne.Testcase7_Productdetailspage</td><td><a href="#m18">prdctdet</a></td><td rowspan="1">1727148306002</td><td rowspan="1">6187</td></tr><tr class="passedodd"><td rowspan="1">amazon.ProjectOne.Testcase8_sortby_Relevance_Price_Rating</td><td><a href="#m19">sortbyprice</a></td><td rowspan="1">1727148587765</td><td rowspan="1">3012</td></tr><tr class="passedeven"><td rowspan="1">amazon.ProjectOne.Testcase9_addingToCart</td><td><a href="#m20">addingtocart</a></td><td rowspan="1">1727148319788</td><td rowspan="1">6992</td></tr></tbody>
</table>
<h2>Test</h2><h3 id="m0">amazon.ProjectOne.Testcase10_CartQuantitles#cartquantity</h3><table class="result"><tr><th>Messages</th></tr><tr><td><div class="messages">Testcase is failed</div></td></tr><tr><th>Exception</th></tr><tr><td><div class="stacktrace">org.openqa.selenium.NoSuchElementException: no such element: Unable to locate element: {&quot;method&quot;:&quot;css selector&quot;,&quot;selector&quot;:&quot;#twotabsearchtextbox&quot;}
  (Session info: chrome=128.0.6613.138)
For documentation on this error, please visit: https://www.selenium.dev/documentation/webdriver/troubleshooting/errors#no-such-element-exception
Build info: version: &apos;4.23.0&apos;, revision: &apos;4df0a231af&apos;
System info: os.name: &apos;Windows 11&apos;, os.arch: &apos;amd64&apos;, os.version: &apos;10.0&apos;, java.version: &apos;17.0.11&apos;
Driver info: org.openqa.selenium.chrome.ChromeDriver
Command: [18c7f05765cb520bf8384bc1144cb93e, findElement {value=twotabsearchtextbox, using=id}]
Capabilities {acceptInsecureCerts: false, browserName: chrome, browserVersion: 128.0.6613.138, chrome: {chromedriverVersion: 128.0.6613.137 (fe621c5aa2d..., userDataDir: C:\Users\banal\AppData\Loca...}, fedcm:accounts: true, goog:chromeOptions: {debuggerAddress: localhost:58706}, networkConnectionEnabled: false, pageLoadStrategy: normal, platformName: windows, proxy: Proxy(), se:cdp: ws://localhost:58706/devtoo..., se:cdpVersion: 128.0.6613.138, setWindowRect: true, strictFileInteractability: false, timeouts: {implicit: 0, pageLoad: 300000, script: 30000}, unhandledPromptBehavior: dismiss and notify, webauthn:extension:credBlob: true, webauthn:extension:largeBlob: true, webauthn:extension:minPinLength: true, webauthn:extension:prf: true, webauthn:virtualAuthenticators: true}
Session ID: 18c7f05765cb520bf8384bc1144cb93e
	at org.openqa.selenium.remote.ErrorCodec.decode(ErrorCodec.java:167)
	at org.openqa.selenium.remote.codec.w3c.W3CHttpResponseCodec.decode(W3CHttpResponseCodec.java:138)
	at org.openqa.selenium.remote.codec.w3c.W3CHttpResponseCodec.decode(W3CHttpResponseCodec.java:50)
	at org.openqa.selenium.remote.HttpCommandExecutor.execute(HttpCommandExecutor.java:190)
	at org.openqa.selenium.remote.service.DriverCommandExecutor.invokeExecute(DriverCommandExecutor.java:216)
	at org.openqa.selenium.remote.service.DriverCommandExecutor.execute(DriverCommandExecutor.java:174)
	at org.openqa.selenium.remote.RemoteWebDriver.execute(RemoteWebDriver.java:527)
	at org.openqa.selenium.remote.ElementLocation$ElementFinder$2.findElement(ElementLocation.java:165)
	at org.openqa.selenium.remote.ElementLocation.findElement(ElementLocation.java:66)
	at org.openqa.selenium.remote.RemoteWebDriver.findElement(RemoteWebDriver.java:357)
	at org.openqa.selenium.remote.RemoteWebDriver.findElement(RemoteWebDriver.java:351)
	at org.openqa.selenium.support.pagefactory.DefaultElementLocator.findElement(DefaultElementLocator.java:68)
	at org.openqa.selenium.support.pagefactory.internal.LocatingElementHandler.invoke(LocatingElementHandler.java:38)
	at jdk.proxy2/jdk.proxy2.$Proxy14.sendKeys(Unknown Source)
	at amazon.ProjectOne.Home_Amazon.searchproduct(Home_Amazon.java:63)
	at amazon.ProjectOne.Testcase10_CartQuantitles.cartquantity(Testcase10_CartQuantitles.java:25)
	at java.base/java.util.ArrayList.forEach(ArrayList.java:1511)
... Removed 32 stack frames</div></td></tr></table><p class="totop"><a href="#summary">back to summary</a></p>
<h3 id="m1">amazon.ProjectOne.Testcase13_Couponcode#couponcode</h3><table class="result"><tr><th>Messages</th></tr><tr><td><div class="messages">Testcase is failed</div></td></tr><tr><th>Exception</th></tr><tr><td><div class="stacktrace">org.openqa.selenium.NoSuchElementException: no such element: Unable to locate element: {&quot;method&quot;:&quot;css selector&quot;,&quot;selector&quot;:&quot;#ap_password&quot;}
  (Session info: chrome=128.0.6613.138)
For documentation on this error, please visit: https://www.selenium.dev/documentation/webdriver/troubleshooting/errors#no-such-element-exception
Build info: version: &apos;4.23.0&apos;, revision: &apos;4df0a231af&apos;
System info: os.name: &apos;Windows 11&apos;, os.arch: &apos;amd64&apos;, os.version: &apos;10.0&apos;, java.version: &apos;17.0.11&apos;
Driver info: org.openqa.selenium.chrome.ChromeDriver
Command: [0b245d030b245be36d500dfc6acbe2d5, findElement {value=ap_password, using=id}]
Capabilities {acceptInsecureCerts: false, browserName: chrome, browserVersion: 128.0.6613.138, chrome: {chromedriverVersion: 128.0.6613.137 (fe621c5aa2d..., userDataDir: C:\Users\banal\AppData\Loca...}, fedcm:accounts: true, goog:chromeOptions: {debuggerAddress: localhost:58157}, networkConnectionEnabled: false, pageLoadStrategy: normal, platformName: windows, proxy: Proxy(), se:cdp: ws://localhost:58157/devtoo..., se:cdpVersion: 128.0.6613.138, setWindowRect: true, strictFileInteractability: false, timeouts: {implicit: 0, pageLoad: 300000, script: 30000}, unhandledPromptBehavior: dismiss and notify, webauthn:extension:credBlob: true, webauthn:extension:largeBlob: true, webauthn:extension:minPinLength: true, webauthn:extension:prf: true, webauthn:virtualAuthenticators: true}
Session ID: 0b245d030b245be36d500dfc6acbe2d5
	at org.openqa.selenium.remote.ErrorCodec.decode(ErrorCodec.java:167)
	at org.openqa.selenium.remote.codec.w3c.W3CHttpResponseCodec.decode(W3CHttpResponseCodec.java:138)
	at org.openqa.selenium.remote.codec.w3c.W3CHttpResponseCodec.decode(W3CHttpResponseCodec.java:50)
	at org.openqa.selenium.remote.HttpCommandExecutor.execute(HttpCommandExecutor.java:190)
	at org.openqa.selenium.remote.service.DriverCommandExecutor.invokeExecute(DriverCommandExecutor.java:216)
	at org.openqa.selenium.remote.service.DriverCommandExecutor.execute(DriverCommandExecutor.java:174)
	at org.openqa.selenium.remote.RemoteWebDriver.execute(RemoteWebDriver.java:527)
	at org.openqa.selenium.remote.ElementLocation$ElementFinder$2.findElement(ElementLocation.java:165)
	at org.openqa.selenium.remote.ElementLocation.findElement(ElementLocation.java:59)
	at org.openqa.selenium.remote.RemoteWebDriver.findElement(RemoteWebDriver.java:357)
	at org.openqa.selenium.remote.RemoteWebDriver.findElement(RemoteWebDriver.java:351)
	at org.openqa.selenium.support.pagefactory.DefaultElementLocator.findElement(DefaultElementLocator.java:68)
	at org.openqa.selenium.support.pagefactory.internal.LocatingElementHandler.invoke(LocatingElementHandler.java:38)
	at jdk.proxy2/jdk.proxy2.$Proxy14.sendKeys(Unknown Source)
	at amazon.ProjectOne.LoginAmazon.pswd(LoginAmazon.java:44)
	at amazon.ProjectOne.Testcase13_Couponcode.couponcode(Testcase13_Couponcode.java:44)
	at java.base/java.util.ArrayList.forEach(ArrayList.java:1511)
... Removed 32 stack frames</div></td></tr></table><p class="totop"><a href="#summary">back to summary</a></p>
<h3 id="m2">amazon.ProjectOne.Testcase10_CartQuantitles#cartquantity</h3><table class="result"><tr><th>Exception</th></tr><tr><td><div class="stacktrace">org.openqa.selenium.NoSuchElementException: no such element: Unable to locate element: {&quot;method&quot;:&quot;css selector&quot;,&quot;selector&quot;:&quot;#twotabsearchtextbox&quot;}
  (Session info: chrome=128.0.6613.138)
For documentation on this error, please visit: https://www.selenium.dev/documentation/webdriver/troubleshooting/errors#no-such-element-exception
Build info: version: &apos;4.23.0&apos;, revision: &apos;4df0a231af&apos;
System info: os.name: &apos;Windows 11&apos;, os.arch: &apos;amd64&apos;, os.version: &apos;10.0&apos;, java.version: &apos;17.0.11&apos;
Driver info: org.openqa.selenium.chrome.ChromeDriver
Command: [3a4d108fa64a606ebe032c0ed30e4379, findElement {value=twotabsearchtextbox, using=id}]
Capabilities {acceptInsecureCerts: false, browserName: chrome, browserVersion: 128.0.6613.138, chrome: {chromedriverVersion: 128.0.6613.137 (fe621c5aa2d..., userDataDir: C:\Users\banal\AppData\Loca...}, fedcm:accounts: true, goog:chromeOptions: {debuggerAddress: localhost:58670}, networkConnectionEnabled: false, pageLoadStrategy: normal, platformName: windows, proxy: Proxy(), se:cdp: ws://localhost:58670/devtoo..., se:cdpVersion: 128.0.6613.138, setWindowRect: true, strictFileInteractability: false, timeouts: {implicit: 0, pageLoad: 300000, script: 30000}, unhandledPromptBehavior: dismiss and notify, webauthn:extension:credBlob: true, webauthn:extension:largeBlob: true, webauthn:extension:minPinLength: true, webauthn:extension:prf: true, webauthn:virtualAuthenticators: true}
Session ID: 3a4d108fa64a606ebe032c0ed30e4379
	at org.openqa.selenium.remote.ErrorCodec.decode(ErrorCodec.java:167)
	at org.openqa.selenium.remote.codec.w3c.W3CHttpResponseCodec.decode(W3CHttpResponseCodec.java:138)
	at org.openqa.selenium.remote.codec.w3c.W3CHttpResponseCodec.decode(W3CHttpResponseCodec.java:50)
	at org.openqa.selenium.remote.HttpCommandExecutor.execute(HttpCommandExecutor.java:190)
	at org.openqa.selenium.remote.service.DriverCommandExecutor.invokeExecute(DriverCommandExecutor.java:216)
	at org.openqa.selenium.remote.service.DriverCommandExecutor.execute(DriverCommandExecutor.java:174)
	at org.openqa.selenium.remote.RemoteWebDriver.execute(RemoteWebDriver.java:527)
	at org.openqa.selenium.remote.ElementLocation$ElementFinder$2.findElement(ElementLocation.java:165)
	at org.openqa.selenium.remote.ElementLocation.findElement(ElementLocation.java:66)
	at org.openqa.selenium.remote.RemoteWebDriver.findElement(RemoteWebDriver.java:357)
	at org.openqa.selenium.remote.RemoteWebDriver.findElement(RemoteWebDriver.java:351)
	at org.openqa.selenium.support.pagefactory.DefaultElementLocator.findElement(DefaultElementLocator.java:68)
	at org.openqa.selenium.support.pagefactory.internal.LocatingElementHandler.invoke(LocatingElementHandler.java:38)
	at jdk.proxy2/jdk.proxy2.$Proxy14.sendKeys(Unknown Source)
	at amazon.ProjectOne.Home_Amazon.searchproduct(Home_Amazon.java:63)
	at amazon.ProjectOne.Testcase10_CartQuantitles.cartquantity(Testcase10_CartQuantitles.java:25)
	at java.base/java.util.ArrayList.forEach(ArrayList.java:1511)
... Removed 32 stack frames</div></td></tr></table><p class="totop"><a href="#summary">back to summary</a></p>
<h3 id="m3">amazon.ProjectOne.Testcase10_CartQuantitles#cartquantity</h3><table class="result"><tr><th>Exception</th></tr><tr><td><div class="stacktrace">org.openqa.selenium.NoSuchElementException: no such element: Unable to locate element: {&quot;method&quot;:&quot;css selector&quot;,&quot;selector&quot;:&quot;#twotabsearchtextbox&quot;}
  (Session info: chrome=128.0.6613.138)
For documentation on this error, please visit: https://www.selenium.dev/documentation/webdriver/troubleshooting/errors#no-such-element-exception
Build info: version: &apos;4.23.0&apos;, revision: &apos;4df0a231af&apos;
System info: os.name: &apos;Windows 11&apos;, os.arch: &apos;amd64&apos;, os.version: &apos;10.0&apos;, java.version: &apos;17.0.11&apos;
Driver info: org.openqa.selenium.chrome.ChromeDriver
Command: [18fc9ce5612ec192c093835465c89e8c, findElement {value=twotabsearchtextbox, using=id}]
Capabilities {acceptInsecureCerts: false, browserName: chrome, browserVersion: 128.0.6613.138, chrome: {chromedriverVersion: 128.0.6613.137 (fe621c5aa2d..., userDataDir: C:\Users\banal\AppData\Loca...}, fedcm:accounts: true, goog:chromeOptions: {debuggerAddress: localhost:58636}, networkConnectionEnabled: false, pageLoadStrategy: normal, platformName: windows, proxy: Proxy(), se:cdp: ws://localhost:58636/devtoo..., se:cdpVersion: 128.0.6613.138, setWindowRect: true, strictFileInteractability: false, timeouts: {implicit: 0, pageLoad: 300000, script: 30000}, unhandledPromptBehavior: dismiss and notify, webauthn:extension:credBlob: true, webauthn:extension:largeBlob: true, webauthn:extension:minPinLength: true, webauthn:extension:prf: true, webauthn:virtualAuthenticators: true}
Session ID: 18fc9ce5612ec192c093835465c89e8c
	at org.openqa.selenium.remote.ErrorCodec.decode(ErrorCodec.java:167)
	at org.openqa.selenium.remote.codec.w3c.W3CHttpResponseCodec.decode(W3CHttpResponseCodec.java:138)
	at org.openqa.selenium.remote.codec.w3c.W3CHttpResponseCodec.decode(W3CHttpResponseCodec.java:50)
	at org.openqa.selenium.remote.HttpCommandExecutor.execute(HttpCommandExecutor.java:190)
	at org.openqa.selenium.remote.service.DriverCommandExecutor.invokeExecute(DriverCommandExecutor.java:216)
	at org.openqa.selenium.remote.service.DriverCommandExecutor.execute(DriverCommandExecutor.java:174)
	at org.openqa.selenium.remote.RemoteWebDriver.execute(RemoteWebDriver.java:527)
	at org.openqa.selenium.remote.ElementLocation$ElementFinder$2.findElement(ElementLocation.java:165)
	at org.openqa.selenium.remote.ElementLocation.findElement(ElementLocation.java:66)
	at org.openqa.selenium.remote.RemoteWebDriver.findElement(RemoteWebDriver.java:357)
	at org.openqa.selenium.remote.RemoteWebDriver.findElement(RemoteWebDriver.java:351)
	at org.openqa.selenium.support.pagefactory.DefaultElementLocator.findElement(DefaultElementLocator.java:68)
	at org.openqa.selenium.support.pagefactory.internal.LocatingElementHandler.invoke(LocatingElementHandler.java:38)
	at jdk.proxy2/jdk.proxy2.$Proxy14.sendKeys(Unknown Source)
	at amazon.ProjectOne.Home_Amazon.searchproduct(Home_Amazon.java:63)
	at amazon.ProjectOne.Testcase10_CartQuantitles.cartquantity(Testcase10_CartQuantitles.java:25)
	at java.base/java.util.ArrayList.forEach(ArrayList.java:1511)
... Removed 32 stack frames</div></td></tr></table><p class="totop"><a href="#summary">back to summary</a></p>
<h3 id="m4">amazon.ProjectOne.Testcase13_Couponcode#couponcode</h3><table class="result"><tr><th>Exception</th></tr><tr><td><div class="stacktrace">org.openqa.selenium.NoSuchElementException: no such element: Unable to locate element: {&quot;method&quot;:&quot;css selector&quot;,&quot;selector&quot;:&quot;#ap_password&quot;}
  (Session info: chrome=128.0.6613.138)
For documentation on this error, please visit: https://www.selenium.dev/documentation/webdriver/troubleshooting/errors#no-such-element-exception
Build info: version: &apos;4.23.0&apos;, revision: &apos;4df0a231af&apos;
System info: os.name: &apos;Windows 11&apos;, os.arch: &apos;amd64&apos;, os.version: &apos;10.0&apos;, java.version: &apos;17.0.11&apos;
Driver info: org.openqa.selenium.chrome.ChromeDriver
Command: [88aa7f0acfb63fe707fc33589902d425, findElement {value=ap_password, using=id}]
Capabilities {acceptInsecureCerts: false, browserName: chrome, browserVersion: 128.0.6613.138, chrome: {chromedriverVersion: 128.0.6613.137 (fe621c5aa2d..., userDataDir: C:\Users\banal\AppData\Loca...}, fedcm:accounts: true, goog:chromeOptions: {debuggerAddress: localhost:57973}, networkConnectionEnabled: false, pageLoadStrategy: normal, platformName: windows, proxy: Proxy(), se:cdp: ws://localhost:57973/devtoo..., se:cdpVersion: 128.0.6613.138, setWindowRect: true, strictFileInteractability: false, timeouts: {implicit: 0, pageLoad: 300000, script: 30000}, unhandledPromptBehavior: dismiss and notify, webauthn:extension:credBlob: true, webauthn:extension:largeBlob: true, webauthn:extension:minPinLength: true, webauthn:extension:prf: true, webauthn:virtualAuthenticators: true}
Session ID: 88aa7f0acfb63fe707fc33589902d425
	at org.openqa.selenium.remote.ErrorCodec.decode(ErrorCodec.java:167)
	at org.openqa.selenium.remote.codec.w3c.W3CHttpResponseCodec.decode(W3CHttpResponseCodec.java:138)
	at org.openqa.selenium.remote.codec.w3c.W3CHttpResponseCodec.decode(W3CHttpResponseCodec.java:50)
	at org.openqa.selenium.remote.HttpCommandExecutor.execute(HttpCommandExecutor.java:190)
	at org.openqa.selenium.remote.service.DriverCommandExecutor.invokeExecute(DriverCommandExecutor.java:216)
	at org.openqa.selenium.remote.service.DriverCommandExecutor.execute(DriverCommandExecutor.java:174)
	at org.openqa.selenium.remote.RemoteWebDriver.execute(RemoteWebDriver.java:527)
	at org.openqa.selenium.remote.ElementLocation$ElementFinder$2.findElement(ElementLocation.java:165)
	at org.openqa.selenium.remote.ElementLocation.findElement(ElementLocation.java:59)
	at org.openqa.selenium.remote.RemoteWebDriver.findElement(RemoteWebDriver.java:357)
	at org.openqa.selenium.remote.RemoteWebDriver.findElement(RemoteWebDriver.java:351)
	at org.openqa.selenium.support.pagefactory.DefaultElementLocator.findElement(DefaultElementLocator.java:68)
	at org.openqa.selenium.support.pagefactory.internal.LocatingElementHandler.invoke(LocatingElementHandler.java:38)
	at jdk.proxy2/jdk.proxy2.$Proxy14.sendKeys(Unknown Source)
	at amazon.ProjectOne.LoginAmazon.pswd(LoginAmazon.java:44)
	at amazon.ProjectOne.Testcase13_Couponcode.couponcode(Testcase13_Couponcode.java:44)
	at java.base/java.util.ArrayList.forEach(ArrayList.java:1511)
... Removed 32 stack frames</div></td></tr></table><p class="totop"><a href="#summary">back to summary</a></p>
<h3 id="m5">amazon.ProjectOne.Testcase13_Couponcode#couponcode</h3><table class="result"><tr><th>Exception</th></tr><tr><td><div class="stacktrace">org.openqa.selenium.NoSuchElementException: no such element: Unable to locate element: {&quot;method&quot;:&quot;css selector&quot;,&quot;selector&quot;:&quot;#twotabsearchtextbox&quot;}
  (Session info: chrome=128.0.6613.138)
For documentation on this error, please visit: https://www.selenium.dev/documentation/webdriver/troubleshooting/errors#no-such-element-exception
Build info: version: &apos;4.23.0&apos;, revision: &apos;4df0a231af&apos;
System info: os.name: &apos;Windows 11&apos;, os.arch: &apos;amd64&apos;, os.version: &apos;10.0&apos;, java.version: &apos;17.0.11&apos;
Driver info: org.openqa.selenium.chrome.ChromeDriver
Command: [5089c824fcc09c076f53e655cef9a5aa, findElement {value=twotabsearchtextbox, using=id}]
Capabilities {acceptInsecureCerts: false, browserName: chrome, browserVersion: 128.0.6613.138, chrome: {chromedriverVersion: 128.0.6613.137 (fe621c5aa2d..., userDataDir: C:\Users\banal\AppData\Loca...}, fedcm:accounts: true, goog:chromeOptions: {debuggerAddress: localhost:58121}, networkConnectionEnabled: false, pageLoadStrategy: normal, platformName: windows, proxy: Proxy(), se:cdp: ws://localhost:58121/devtoo..., se:cdpVersion: 128.0.6613.138, setWindowRect: true, strictFileInteractability: false, timeouts: {implicit: 0, pageLoad: 300000, script: 30000}, unhandledPromptBehavior: dismiss and notify, webauthn:extension:credBlob: true, webauthn:extension:largeBlob: true, webauthn:extension:minPinLength: true, webauthn:extension:prf: true, webauthn:virtualAuthenticators: true}
Session ID: 5089c824fcc09c076f53e655cef9a5aa
	at org.openqa.selenium.remote.ErrorCodec.decode(ErrorCodec.java:167)
	at org.openqa.selenium.remote.codec.w3c.W3CHttpResponseCodec.decode(W3CHttpResponseCodec.java:138)
	at org.openqa.selenium.remote.codec.w3c.W3CHttpResponseCodec.decode(W3CHttpResponseCodec.java:50)
	at org.openqa.selenium.remote.HttpCommandExecutor.execute(HttpCommandExecutor.java:190)
	at org.openqa.selenium.remote.service.DriverCommandExecutor.invokeExecute(DriverCommandExecutor.java:216)
	at org.openqa.selenium.remote.service.DriverCommandExecutor.execute(DriverCommandExecutor.java:174)
	at org.openqa.selenium.remote.RemoteWebDriver.execute(RemoteWebDriver.java:527)
	at org.openqa.selenium.remote.ElementLocation$ElementFinder$2.findElement(ElementLocation.java:165)
	at org.openqa.selenium.remote.ElementLocation.findElement(ElementLocation.java:66)
	at org.openqa.selenium.remote.RemoteWebDriver.findElement(RemoteWebDriver.java:357)
	at org.openqa.selenium.remote.RemoteWebDriver.findElement(RemoteWebDriver.java:351)
	at org.openqa.selenium.support.pagefactory.DefaultElementLocator.findElement(DefaultElementLocator.java:68)
	at org.openqa.selenium.support.pagefactory.internal.LocatingElementHandler.invoke(LocatingElementHandler.java:38)
	at jdk.proxy2/jdk.proxy2.$Proxy14.sendKeys(Unknown Source)
	at amazon.ProjectOne.Home_Amazon.searchproduct(Home_Amazon.java:63)
	at amazon.ProjectOne.Testcase13_Couponcode.couponcode(Testcase13_Couponcode.java:26)
	at java.base/java.util.ArrayList.forEach(ArrayList.java:1511)
... Removed 32 stack frames</div></td></tr></table><p class="totop"><a href="#summary">back to summary</a></p>
<h3 id="m6">amazon.ProjectOne.Testcase1_for_RegisterNewUser#register</h3><table class="result"><tr><th>Exception</th></tr><tr><td><div class="stacktrace">java.lang.AssertionError:  sorry the testcase is failed expected [Authentication required] but found [Amazon Registration]
	at amazon.ProjectOne.Testcase1_for_RegisterNewUser.register(Testcase1_for_RegisterNewUser.java:25)
	at java.base/java.util.ArrayList.forEach(ArrayList.java:1511)
... Removed 32 stack frames</div></td></tr></table><p class="totop"><a href="#summary">back to summary</a></p>
<h3 id="m7">amazon.ProjectOne.Testcase2_for_Loginwith_CorrectCredentials#login</h3><table class="result"><tr><th>Exception</th></tr><tr><td><div class="stacktrace">java.lang.AssertionError: Sorry the testcase is failed expected [Online Shopping site in India: Shop Online for Mobiles, Books, Watches, Shoes and More - Amazon.in] but found [Authentication required]
	at amazon.ProjectOne.Testcase2_for_Loginwith_CorrectCredentials.login(Testcase2_for_Loginwith_CorrectCredentials.java:30)
	at java.base/java.util.ArrayList.forEach(ArrayList.java:1511)
... Removed 32 stack frames</div></td></tr></table><p class="totop"><a href="#summary">back to summary</a></p>
<h3 id="m8">amazon.ProjectOne.Testcase11_untillPaymentsAndOrderdetails#checkout</h3><table class="result"><tr><th>Messages</th></tr><tr><td><div class="messages">Test case is pass</div></td></tr></table><p class="totop"><a href="#summary">back to summary</a></p>
<h3 id="m9">amazon.ProjectOne.Testcase12_Paymentmethod#paymentsmethod</h3><table class="result"><tr><th>Messages</th></tr><tr><td><div class="messages">Test case is pass</div></td></tr></table><p class="totop"><a href="#summary">back to summary</a></p>
<h3 id="m10">amazon.ProjectOne.Testcase14_OrderedPage_5StarRating#fivestar_rating</h3><table class="result"><tr><th>Messages</th></tr><tr><td><div class="messages">Test case is pass</div></td></tr></table><p class="totop"><a href="#summary">back to summary</a></p>
<h3 id="m11">amazon.ProjectOne.Testcase15_ReachCartPage#cartpagewithoutlogin</h3><table class="result"><tr><th>Messages</th></tr><tr><td><div class="messages">Test case is pass</div></td></tr></table><p class="totop"><a href="#summary">back to summary</a></p>
<h3 id="m12">amazon.ProjectOne.Testcase1_for_RegisterNewUser#register</h3><table class="result"><tr><th>Messages</th></tr><tr><td><div class="messages">Test case is pass</div></td></tr></table><p class="totop"><a href="#summary">back to summary</a></p>
<h3 id="m13">amazon.ProjectOne.Testcase2_for_Loginwith_CorrectCredentials#login</h3><table class="result"><tr><th>Messages</th></tr><tr><td><div class="messages">Test case is pass</div></td></tr></table><p class="totop"><a href="#summary">back to summary</a></p>
<h3 id="m14">amazon.ProjectOne.Testcase3_for_Loginfails#loginwithincorrect</h3><table class="result"><tr><th>Messages</th></tr><tr><td><div class="messages">Test case is pass</div></td></tr></table><p class="totop"><a href="#summary">back to summary</a></p>
<h3 id="m15">amazon.ProjectOne.Testcase4_EditProfile#editprfle</h3><table class="result"><tr><th>Messages</th></tr><tr><td><div class="messages">Test case is pass</div></td></tr></table><p class="totop"><a href="#summary">back to summary</a></p>
<h3 id="m16">amazon.ProjectOne.Testcase5_searchingshoe#search</h3><table class="result"><tr><th>Messages</th></tr><tr><td><div class="messages">Test case is pass</div></td></tr></table><p class="totop"><a href="#summary">back to summary</a></p>
<h3 id="m17">amazon.ProjectOne.Testcase6_searchingWithFilters#filters</h3><table class="result"><tr><th>Messages</th></tr><tr><td><div class="messages">Test case is pass</div></td></tr></table><p class="totop"><a href="#summary">back to summary</a></p>
<h3 id="m18">amazon.ProjectOne.Testcase7_Productdetailspage#prdctdet</h3><table class="result"><tr><th>Messages</th></tr><tr><td><div class="messages">Test case is pass</div></td></tr></table><p class="totop"><a href="#summary">back to summary</a></p>
<h3 id="m19">amazon.ProjectOne.Testcase8_sortby_Relevance_Price_Rating#sortbyprice</h3><table class="result"><tr><th>Messages</th></tr><tr><td><div class="messages">Test case is pass</div></td></tr></table><p class="totop"><a href="#summary">back to summary</a></p>
<h3 id="m20">amazon.ProjectOne.Testcase9_addingToCart#addingtocart</h3><table class="result"><tr><th>Messages</th></tr><tr><td><div class="messages">Test case is pass</div></td></tr></table><p class="totop"><a href="#summary">back to summary</a></p>
</body>
</html>
